[2023-02-08 10:23:23] local.ERROR: SQLSTATE[42000]: Syntax error or access violation: 1071 Specified key was too long; max key length is 1000 bytes (SQL: alter table `users` add unique `users_email_unique`(`email`)) {"exception":"[object] (Illuminate\\Database\\QueryException(code: 42000): SQLSTATE[42000]: Syntax error or access violation: 1071 Specified key was too long; max key length is 1000 bytes (SQL: alter table `users` add unique `users_email_unique`(`email`)) at D:\\DEV\\GitHub_Projects\\Laravel_FCTS\\LaraFCTS\\vendor\\laravel\\framework\\src\\Illuminate\\Database\\Connection.php:760)
[stacktrace]
#0 D:\\DEV\\GitHub_Projects\\Laravel_FCTS\\LaraFCTS\\vendor\\laravel\\framework\\src\\Illuminate\\Database\\Connection.php(720): Illuminate\\Database\\Connection->runQueryCallback('alter table `us...', Array, Object(Closure))
#1 D:\\DEV\\GitHub_Projects\\Laravel_FCTS\\LaraFCTS\\vendor\\laravel\\framework\\src\\Illuminate\\Database\\Connection.php(546): Illuminate\\Database\\Connection->run('alter table `us...', Array, Object(Closure))
#2 D:\\DEV\\GitHub_Projects\\Laravel_FCTS\\LaraFCTS\\vendor\\laravel\\framework\\src\\Illuminate\\Database\\Schema\\Blueprint.php(109): Illuminate\\Database\\Connection->statement('alter table `us...')
#3 D:\\DEV\\GitHub_Projects\\Laravel_FCTS\\LaraFCTS\\vendor\\laravel\\framework\\src\\Illuminate\\Database\\Schema\\Builder.php(439): Illuminate\\Database\\Schema\\Blueprint->build(Object(Illuminate\\Database\\MySqlConnection), Object(Illuminate\\Database\\Schema\\Grammars\\MySqlGrammar))
#4 D:\\DEV\\GitHub_Projects\\Laravel_FCTS\\LaraFCTS\\vendor\\laravel\\framework\\src\\Illuminate\\Database\\Schema\\Builder.php(285): Illuminate\\Database\\Schema\\Builder->build(Object(Illuminate\\Database\\Schema\\Blueprint))
#5 D:\\DEV\\GitHub_Projects\\Laravel_FCTS\\LaraFCTS\\vendor\\laravel\\framework\\src\\Illuminate\\Support\\Facades\\Facade.php(338): Illuminate\\Database\\Schema\\Builder->create('users', Object(Closure))
#6 D:\\DEV\\GitHub_Projects\\Laravel_FCTS\\LaraFCTS\\database\\migrations\\2014_10_12_000000_create_users_table.php(26): Illuminate\\Support\\Facades\\Facade::__callStatic('create', Array)
#7 D:\\DEV\\GitHub_Projects\\Laravel_FCTS\\LaraFCTS\\vendor\\laravel\\framework\\src\\Illuminate\\Database\\Migrations\\Migrator.php(481): Illuminate\\Database\\Migrations\\Migration@anonymous->up()
#8 D:\\DEV\\GitHub_Projects\\Laravel_FCTS\\LaraFCTS\\vendor\\laravel\\framework\\src\\Illuminate\\Database\\Migrations\\Migrator.php(399): Illuminate\\Database\\Migrations\\Migrator->runMethod(Object(Illuminate\\Database\\MySqlConnection), Object(Illuminate\\Database\\Migrations\\Migration@anonymous), 'up')
#9 D:\\DEV\\GitHub_Projects\\Laravel_FCTS\\LaraFCTS\\vendor\\laravel\\framework\\src\\Illuminate\\Database\\Migrations\\Migrator.php(408): Illuminate\\Database\\Migrations\\Migrator->Illuminate\\Database\\Migrations\\{closure}()
#10 D:\\DEV\\GitHub_Projects\\Laravel_FCTS\\LaraFCTS\\vendor\\laravel\\framework\\src\\Illuminate\\Database\\Migrations\\Migrator.php(209): Illuminate\\Database\\Migrations\\Migrator->runMigration(Object(Illuminate\\Database\\Migrations\\Migration@anonymous), 'up')
#11 D:\\DEV\\GitHub_Projects\\Laravel_FCTS\\LaraFCTS\\vendor\\laravel\\framework\\src\\Illuminate\\Console\\View\\Components\\Task.php(36): Illuminate\\Database\\Migrations\\Migrator->Illuminate\\Database\\Migrations\\{closure}()
#12 D:\\DEV\\GitHub_Projects\\Laravel_FCTS\\LaraFCTS\\vendor\\laravel\\framework\\src\\Illuminate\\Database\\Migrations\\Migrator.php(738): Illuminate\\Console\\View\\Components\\Task->render('2014_10_12_0000...', Object(Closure))
#13 D:\\DEV\\GitHub_Projects\\Laravel_FCTS\\LaraFCTS\\vendor\\laravel\\framework\\src\\Illuminate\\Database\\Migrations\\Migrator.php(209): Illuminate\\Database\\Migrations\\Migrator->write('Illuminate\\\\Cons...', '2014_10_12_0000...', Object(Closure))
#14 D:\\DEV\\GitHub_Projects\\Laravel_FCTS\\LaraFCTS\\vendor\\laravel\\framework\\src\\Illuminate\\Database\\Migrations\\Migrator.php(174): Illuminate\\Database\\Migrations\\Migrator->runUp('D:\\\\DEV\\\\GitHub_P...', 1, false)
#15 D:\\DEV\\GitHub_Projects\\Laravel_FCTS\\LaraFCTS\\vendor\\laravel\\framework\\src\\Illuminate\\Database\\Migrations\\Migrator.php(117): Illuminate\\Database\\Migrations\\Migrator->runPending(Array, Array)
#16 D:\\DEV\\GitHub_Projects\\Laravel_FCTS\\LaraFCTS\\vendor\\laravel\\framework\\src\\Illuminate\\Database\\Console\\Migrations\\MigrateCommand.php(90): Illuminate\\Database\\Migrations\\Migrator->run(Array, Array)
#17 D:\\DEV\\GitHub_Projects\\Laravel_FCTS\\LaraFCTS\\vendor\\laravel\\framework\\src\\Illuminate\\Database\\Migrations\\Migrator.php(615): Illuminate\\Database\\Console\\Migrations\\MigrateCommand->Illuminate\\Database\\Console\\Migrations\\{closure}()
#18 D:\\DEV\\GitHub_Projects\\Laravel_FCTS\\LaraFCTS\\vendor\\laravel\\framework\\src\\Illuminate\\Database\\Console\\Migrations\\MigrateCommand.php(102): Illuminate\\Database\\Migrations\\Migrator->usingConnection(NULL, Object(Closure))
#19 D:\\DEV\\GitHub_Projects\\Laravel_FCTS\\LaraFCTS\\vendor\\laravel\\framework\\src\\Illuminate\\Container\\BoundMethod.php(36): Illuminate\\Database\\Console\\Migrations\\MigrateCommand->handle()
#20 D:\\DEV\\GitHub_Projects\\Laravel_FCTS\\LaraFCTS\\vendor\\laravel\\framework\\src\\Illuminate\\Container\\Util.php(41): Illuminate\\Container\\BoundMethod::Illuminate\\Container\\{closure}()
#21 D:\\DEV\\GitHub_Projects\\Laravel_FCTS\\LaraFCTS\\vendor\\laravel\\framework\\src\\Illuminate\\Container\\BoundMethod.php(93): Illuminate\\Container\\Util::unwrapIfClosure(Object(Closure))
#22 D:\\DEV\\GitHub_Projects\\Laravel_FCTS\\LaraFCTS\\vendor\\laravel\\framework\\src\\Illuminate\\Container\\BoundMethod.php(37): Illuminate\\Container\\BoundMethod::callBoundMethod(Object(Illuminate\\Foundation\\Application), Array, Object(Closure))
#23 D:\\DEV\\GitHub_Projects\\Laravel_FCTS\\LaraFCTS\\vendor\\laravel\\framework\\src\\Illuminate\\Container\\Container.php(663): Illuminate\\Container\\BoundMethod::call(Object(Illuminate\\Foundation\\Application), Array, Array, NULL)
#24 D:\\DEV\\GitHub_Projects\\Laravel_FCTS\\LaraFCTS\\vendor\\laravel\\framework\\src\\Illuminate\\Console\\Command.php(182): Illuminate\\Container\\Container->call(Array)
#25 D:\\DEV\\GitHub_Projects\\Laravel_FCTS\\LaraFCTS\\vendor\\symfony\\console\\Command\\Command.php(312): Illuminate\\Console\\Command->execute(Object(Symfony\\Component\\Console\\Input\\ArrayInput), Object(Illuminate\\Console\\OutputStyle))
#26 D:\\DEV\\GitHub_Projects\\Laravel_FCTS\\LaraFCTS\\vendor\\laravel\\framework\\src\\Illuminate\\Console\\Command.php(152): Symfony\\Component\\Console\\Command\\Command->run(Object(Symfony\\Component\\Console\\Input\\ArrayInput), Object(Illuminate\\Console\\OutputStyle))
#27 D:\\DEV\\GitHub_Projects\\Laravel_FCTS\\LaraFCTS\\vendor\\laravel\\framework\\src\\Illuminate\\Console\\Concerns\\CallsCommands.php(68): Illuminate\\Console\\Command->run(Object(Symfony\\Component\\Console\\Input\\ArrayInput), Object(Illuminate\\Console\\OutputStyle))
#28 D:\\DEV\\GitHub_Projects\\Laravel_FCTS\\LaraFCTS\\vendor\\laravel\\framework\\src\\Illuminate\\Console\\Concerns\\CallsCommands.php(28): Illuminate\\Console\\Command->runCommand('migrate', Array, Object(Illuminate\\Console\\OutputStyle))
#29 D:\\DEV\\GitHub_Projects\\Laravel_FCTS\\LaraFCTS\\vendor\\laravel\\framework\\src\\Illuminate\\Database\\Console\\Migrations\\FreshCommand.php(59): Illuminate\\Console\\Command->call('migrate', Array)
#30 D:\\DEV\\GitHub_Projects\\Laravel_FCTS\\LaraFCTS\\vendor\\laravel\\framework\\src\\Illuminate\\Container\\BoundMethod.php(36): Illuminate\\Database\\Console\\Migrations\\FreshCommand->handle()
#31 D:\\DEV\\GitHub_Projects\\Laravel_FCTS\\LaraFCTS\\vendor\\laravel\\framework\\src\\Illuminate\\Container\\Util.php(41): Illuminate\\Container\\BoundMethod::Illuminate\\Container\\{closure}()
#32 D:\\DEV\\GitHub_Projects\\Laravel_FCTS\\LaraFCTS\\vendor\\laravel\\framework\\src\\Illuminate\\Container\\BoundMethod.php(93): Illuminate\\Container\\Util::unwrapIfClosure(Object(Closure))
#33 D:\\DEV\\GitHub_Projects\\Laravel_FCTS\\LaraFCTS\\vendor\\laravel\\framework\\src\\Illuminate\\Container\\BoundMethod.php(37): Illuminate\\Container\\BoundMethod::callBoundMethod(Object(Illuminate\\Foundation\\Application), Array, Object(Closure))
#34 D:\\DEV\\GitHub_Projects\\Laravel_FCTS\\LaraFCTS\\vendor\\laravel\\framework\\src\\Illuminate\\Container\\Container.php(663): Illuminate\\Container\\BoundMethod::call(Object(Illuminate\\Foundation\\Application), Array, Array, NULL)
#35 D:\\DEV\\GitHub_Projects\\Laravel_FCTS\\LaraFCTS\\vendor\\laravel\\framework\\src\\Illuminate\\Console\\Command.php(182): Illuminate\\Container\\Container->call(Array)
#36 D:\\DEV\\GitHub_Projects\\Laravel_FCTS\\LaraFCTS\\vendor\\symfony\\console\\Command\\Command.php(312): Illuminate\\Console\\Command->execute(Object(Symfony\\Component\\Console\\Input\\ArgvInput), Object(Illuminate\\Console\\OutputStyle))
#37 D:\\DEV\\GitHub_Projects\\Laravel_FCTS\\LaraFCTS\\vendor\\laravel\\framework\\src\\Illuminate\\Console\\Command.php(152): Symfony\\Component\\Console\\Command\\Command->run(Object(Symfony\\Component\\Console\\Input\\ArgvInput), Object(Illuminate\\Console\\OutputStyle))
#38 D:\\DEV\\GitHub_Projects\\Laravel_FCTS\\LaraFCTS\\vendor\\symfony\\console\\Application.php(1022): Illuminate\\Console\\Command->run(Object(Symfony\\Component\\Console\\Input\\ArgvInput), Object(Symfony\\Component\\Console\\Output\\ConsoleOutput))
#39 D:\\DEV\\GitHub_Projects\\Laravel_FCTS\\LaraFCTS\\vendor\\symfony\\console\\Application.php(314): Symfony\\Component\\Console\\Application->doRunCommand(Object(Illuminate\\Database\\Console\\Migrations\\FreshCommand), Object(Symfony\\Component\\Console\\Input\\ArgvInput), Object(Symfony\\Component\\Console\\Output\\ConsoleOutput))
#40 D:\\DEV\\GitHub_Projects\\Laravel_FCTS\\LaraFCTS\\vendor\\symfony\\console\\Application.php(168): Symfony\\Component\\Console\\Application->doRun(Object(Symfony\\Component\\Console\\Input\\ArgvInput), Object(Symfony\\Component\\Console\\Output\\ConsoleOutput))
#41 D:\\DEV\\GitHub_Projects\\Laravel_FCTS\\LaraFCTS\\vendor\\laravel\\framework\\src\\Illuminate\\Console\\Application.php(102): Symfony\\Component\\Console\\Application->run(Object(Symfony\\Component\\Console\\Input\\ArgvInput), Object(Symfony\\Component\\Console\\Output\\ConsoleOutput))
#42 D:\\DEV\\GitHub_Projects\\Laravel_FCTS\\LaraFCTS\\vendor\\laravel\\framework\\src\\Illuminate\\Foundation\\Console\\Kernel.php(155): Illuminate\\Console\\Application->run(Object(Symfony\\Component\\Console\\Input\\ArgvInput), Object(Symfony\\Component\\Console\\Output\\ConsoleOutput))
#43 D:\\DEV\\GitHub_Projects\\Laravel_FCTS\\LaraFCTS\\artisan(37): Illuminate\\Foundation\\Console\\Kernel->handle(Object(Symfony\\Component\\Console\\Input\\ArgvInput), Object(Symfony\\Component\\Console\\Output\\ConsoleOutput))
#44 {main}

[previous exception] [object] (PDOException(code: 42000): SQLSTATE[42000]: Syntax error or access violation: 1071 Specified key was too long; max key length is 1000 bytes at D:\\DEV\\GitHub_Projects\\Laravel_FCTS\\LaraFCTS\\vendor\\laravel\\framework\\src\\Illuminate\\Database\\Connection.php:545)
[stacktrace]
#0 D:\\DEV\\GitHub_Projects\\Laravel_FCTS\\LaraFCTS\\vendor\\laravel\\framework\\src\\Illuminate\\Database\\Connection.php(545): PDOStatement->execute()
#1 D:\\DEV\\GitHub_Projects\\Laravel_FCTS\\LaraFCTS\\vendor\\laravel\\framework\\src\\Illuminate\\Database\\Connection.php(753): Illuminate\\Database\\Connection->Illuminate\\Database\\{closure}('alter table `us...', Array)
#2 D:\\DEV\\GitHub_Projects\\Laravel_FCTS\\LaraFCTS\\vendor\\laravel\\framework\\src\\Illuminate\\Database\\Connection.php(720): Illuminate\\Database\\Connection->runQueryCallback('alter table `us...', Array, Object(Closure))
#3 D:\\DEV\\GitHub_Projects\\Laravel_FCTS\\LaraFCTS\\vendor\\laravel\\framework\\src\\Illuminate\\Database\\Connection.php(546): Illuminate\\Database\\Connection->run('alter table `us...', Array, Object(Closure))
#4 D:\\DEV\\GitHub_Projects\\Laravel_FCTS\\LaraFCTS\\vendor\\laravel\\framework\\src\\Illuminate\\Database\\Schema\\Blueprint.php(109): Illuminate\\Database\\Connection->statement('alter table `us...')
#5 D:\\DEV\\GitHub_Projects\\Laravel_FCTS\\LaraFCTS\\vendor\\laravel\\framework\\src\\Illuminate\\Database\\Schema\\Builder.php(439): Illuminate\\Database\\Schema\\Blueprint->build(Object(Illuminate\\Database\\MySqlConnection), Object(Illuminate\\Database\\Schema\\Grammars\\MySqlGrammar))
#6 D:\\DEV\\GitHub_Projects\\Laravel_FCTS\\LaraFCTS\\vendor\\laravel\\framework\\src\\Illuminate\\Database\\Schema\\Builder.php(285): Illuminate\\Database\\Schema\\Builder->build(Object(Illuminate\\Database\\Schema\\Blueprint))
#7 D:\\DEV\\GitHub_Projects\\Laravel_FCTS\\LaraFCTS\\vendor\\laravel\\framework\\src\\Illuminate\\Support\\Facades\\Facade.php(338): Illuminate\\Database\\Schema\\Builder->create('users', Object(Closure))
#8 D:\\DEV\\GitHub_Projects\\Laravel_FCTS\\LaraFCTS\\database\\migrations\\2014_10_12_000000_create_users_table.php(26): Illuminate\\Support\\Facades\\Facade::__callStatic('create', Array)
#9 D:\\DEV\\GitHub_Projects\\Laravel_FCTS\\LaraFCTS\\vendor\\laravel\\framework\\src\\Illuminate\\Database\\Migrations\\Migrator.php(481): Illuminate\\Database\\Migrations\\Migration@anonymous->up()
#10 D:\\DEV\\GitHub_Projects\\Laravel_FCTS\\LaraFCTS\\vendor\\laravel\\framework\\src\\Illuminate\\Database\\Migrations\\Migrator.php(399): Illuminate\\Database\\Migrations\\Migrator->runMethod(Object(Illuminate\\Database\\MySqlConnection), Object(Illuminate\\Database\\Migrations\\Migration@anonymous), 'up')
#11 D:\\DEV\\GitHub_Projects\\Laravel_FCTS\\LaraFCTS\\vendor\\laravel\\framework\\src\\Illuminate\\Database\\Migrations\\Migrator.php(408): Illuminate\\Database\\Migrations\\Migrator->Illuminate\\Database\\Migrations\\{closure}()
#12 D:\\DEV\\GitHub_Projects\\Laravel_FCTS\\LaraFCTS\\vendor\\laravel\\framework\\src\\Illuminate\\Database\\Migrations\\Migrator.php(209): Illuminate\\Database\\Migrations\\Migrator->runMigration(Object(Illuminate\\Database\\Migrations\\Migration@anonymous), 'up')
#13 D:\\DEV\\GitHub_Projects\\Laravel_FCTS\\LaraFCTS\\vendor\\laravel\\framework\\src\\Illuminate\\Console\\View\\Components\\Task.php(36): Illuminate\\Database\\Migrations\\Migrator->Illuminate\\Database\\Migrations\\{closure}()
#14 D:\\DEV\\GitHub_Projects\\Laravel_FCTS\\LaraFCTS\\vendor\\laravel\\framework\\src\\Illuminate\\Database\\Migrations\\Migrator.php(738): Illuminate\\Console\\View\\Components\\Task->render('2014_10_12_0000...', Object(Closure))
#15 D:\\DEV\\GitHub_Projects\\Laravel_FCTS\\LaraFCTS\\vendor\\laravel\\framework\\src\\Illuminate\\Database\\Migrations\\Migrator.php(209): Illuminate\\Database\\Migrations\\Migrator->write('Illuminate\\\\Cons...', '2014_10_12_0000...', Object(Closure))
#16 D:\\DEV\\GitHub_Projects\\Laravel_FCTS\\LaraFCTS\\vendor\\laravel\\framework\\src\\Illuminate\\Database\\Migrations\\Migrator.php(174): Illuminate\\Database\\Migrations\\Migrator->runUp('D:\\\\DEV\\\\GitHub_P...', 1, false)
#17 D:\\DEV\\GitHub_Projects\\Laravel_FCTS\\LaraFCTS\\vendor\\laravel\\framework\\src\\Illuminate\\Database\\Migrations\\Migrator.php(117): Illuminate\\Database\\Migrations\\Migrator->runPending(Array, Array)
#18 D:\\DEV\\GitHub_Projects\\Laravel_FCTS\\LaraFCTS\\vendor\\laravel\\framework\\src\\Illuminate\\Database\\Console\\Migrations\\MigrateCommand.php(90): Illuminate\\Database\\Migrations\\Migrator->run(Array, Array)
#19 D:\\DEV\\GitHub_Projects\\Laravel_FCTS\\LaraFCTS\\vendor\\laravel\\framework\\src\\Illuminate\\Database\\Migrations\\Migrator.php(615): Illuminate\\Database\\Console\\Migrations\\MigrateCommand->Illuminate\\Database\\Console\\Migrations\\{closure}()
#20 D:\\DEV\\GitHub_Projects\\Laravel_FCTS\\LaraFCTS\\vendor\\laravel\\framework\\src\\Illuminate\\Database\\Console\\Migrations\\MigrateCommand.php(102): Illuminate\\Database\\Migrations\\Migrator->usingConnection(NULL, Object(Closure))
#21 D:\\DEV\\GitHub_Projects\\Laravel_FCTS\\LaraFCTS\\vendor\\laravel\\framework\\src\\Illuminate\\Container\\BoundMethod.php(36): Illuminate\\Database\\Console\\Migrations\\MigrateCommand->handle()
#22 D:\\DEV\\GitHub_Projects\\Laravel_FCTS\\LaraFCTS\\vendor\\laravel\\framework\\src\\Illuminate\\Container\\Util.php(41): Illuminate\\Container\\BoundMethod::Illuminate\\Container\\{closure}()
#23 D:\\DEV\\GitHub_Projects\\Laravel_FCTS\\LaraFCTS\\vendor\\laravel\\framework\\src\\Illuminate\\Container\\BoundMethod.php(93): Illuminate\\Container\\Util::unwrapIfClosure(Object(Closure))
#24 D:\\DEV\\GitHub_Projects\\Laravel_FCTS\\LaraFCTS\\vendor\\laravel\\framework\\src\\Illuminate\\Container\\BoundMethod.php(37): Illuminate\\Container\\BoundMethod::callBoundMethod(Object(Illuminate\\Foundation\\Application), Array, Object(Closure))
#25 D:\\DEV\\GitHub_Projects\\Laravel_FCTS\\LaraFCTS\\vendor\\laravel\\framework\\src\\Illuminate\\Container\\Container.php(663): Illuminate\\Container\\BoundMethod::call(Object(Illuminate\\Foundation\\Application), Array, Array, NULL)
#26 D:\\DEV\\GitHub_Projects\\Laravel_FCTS\\LaraFCTS\\vendor\\laravel\\framework\\src\\Illuminate\\Console\\Command.php(182): Illuminate\\Container\\Container->call(Array)
#27 D:\\DEV\\GitHub_Projects\\Laravel_FCTS\\LaraFCTS\\vendor\\symfony\\console\\Command\\Command.php(312): Illuminate\\Console\\Command->execute(Object(Symfony\\Component\\Console\\Input\\ArrayInput), Object(Illuminate\\Console\\OutputStyle))
#28 D:\\DEV\\GitHub_Projects\\Laravel_FCTS\\LaraFCTS\\vendor\\laravel\\framework\\src\\Illuminate\\Console\\Command.php(152): Symfony\\Component\\Console\\Command\\Command->run(Object(Symfony\\Component\\Console\\Input\\ArrayInput), Object(Illuminate\\Console\\OutputStyle))
#29 D:\\DEV\\GitHub_Projects\\Laravel_FCTS\\LaraFCTS\\vendor\\laravel\\framework\\src\\Illuminate\\Console\\Concerns\\CallsCommands.php(68): Illuminate\\Console\\Command->run(Object(Symfony\\Component\\Console\\Input\\ArrayInput), Object(Illuminate\\Console\\OutputStyle))
#30 D:\\DEV\\GitHub_Projects\\Laravel_FCTS\\LaraFCTS\\vendor\\laravel\\framework\\src\\Illuminate\\Console\\Concerns\\CallsCommands.php(28): Illuminate\\Console\\Command->runCommand('migrate', Array, Object(Illuminate\\Console\\OutputStyle))
#31 D:\\DEV\\GitHub_Projects\\Laravel_FCTS\\LaraFCTS\\vendor\\laravel\\framework\\src\\Illuminate\\Database\\Console\\Migrations\\FreshCommand.php(59): Illuminate\\Console\\Command->call('migrate', Array)
#32 D:\\DEV\\GitHub_Projects\\Laravel_FCTS\\LaraFCTS\\vendor\\laravel\\framework\\src\\Illuminate\\Container\\BoundMethod.php(36): Illuminate\\Database\\Console\\Migrations\\FreshCommand->handle()
#33 D:\\DEV\\GitHub_Projects\\Laravel_FCTS\\LaraFCTS\\vendor\\laravel\\framework\\src\\Illuminate\\Container\\Util.php(41): Illuminate\\Container\\BoundMethod::Illuminate\\Container\\{closure}()
#34 D:\\DEV\\GitHub_Projects\\Laravel_FCTS\\LaraFCTS\\vendor\\laravel\\framework\\src\\Illuminate\\Container\\BoundMethod.php(93): Illuminate\\Container\\Util::unwrapIfClosure(Object(Closure))
#35 D:\\DEV\\GitHub_Projects\\Laravel_FCTS\\LaraFCTS\\vendor\\laravel\\framework\\src\\Illuminate\\Container\\BoundMethod.php(37): Illuminate\\Container\\BoundMethod::callBoundMethod(Object(Illuminate\\Foundation\\Application), Array, Object(Closure))
#36 D:\\DEV\\GitHub_Projects\\Laravel_FCTS\\LaraFCTS\\vendor\\laravel\\framework\\src\\Illuminate\\Container\\Container.php(663): Illuminate\\Container\\BoundMethod::call(Object(Illuminate\\Foundation\\Application), Array, Array, NULL)
#37 D:\\DEV\\GitHub_Projects\\Laravel_FCTS\\LaraFCTS\\vendor\\laravel\\framework\\src\\Illuminate\\Console\\Command.php(182): Illuminate\\Container\\Container->call(Array)
#38 D:\\DEV\\GitHub_Projects\\Laravel_FCTS\\LaraFCTS\\vendor\\symfony\\console\\Command\\Command.php(312): Illuminate\\Console\\Command->execute(Object(Symfony\\Component\\Console\\Input\\ArgvInput), Object(Illuminate\\Console\\OutputStyle))
#39 D:\\DEV\\GitHub_Projects\\Laravel_FCTS\\LaraFCTS\\vendor\\laravel\\framework\\src\\Illuminate\\Console\\Command.php(152): Symfony\\Component\\Console\\Command\\Command->run(Object(Symfony\\Component\\Console\\Input\\ArgvInput), Object(Illuminate\\Console\\OutputStyle))
#40 D:\\DEV\\GitHub_Projects\\Laravel_FCTS\\LaraFCTS\\vendor\\symfony\\console\\Application.php(1022): Illuminate\\Console\\Command->run(Object(Symfony\\Component\\Console\\Input\\ArgvInput), Object(Symfony\\Component\\Console\\Output\\ConsoleOutput))
#41 D:\\DEV\\GitHub_Projects\\Laravel_FCTS\\LaraFCTS\\vendor\\symfony\\console\\Application.php(314): Symfony\\Component\\Console\\Application->doRunCommand(Object(Illuminate\\Database\\Console\\Migrations\\FreshCommand), Object(Symfony\\Component\\Console\\Input\\ArgvInput), Object(Symfony\\Component\\Console\\Output\\ConsoleOutput))
#42 D:\\DEV\\GitHub_Projects\\Laravel_FCTS\\LaraFCTS\\vendor\\symfony\\console\\Application.php(168): Symfony\\Component\\Console\\Application->doRun(Object(Symfony\\Component\\Console\\Input\\ArgvInput), Object(Symfony\\Component\\Console\\Output\\ConsoleOutput))
#43 D:\\DEV\\GitHub_Projects\\Laravel_FCTS\\LaraFCTS\\vendor\\laravel\\framework\\src\\Illuminate\\Console\\Application.php(102): Symfony\\Component\\Console\\Application->run(Object(Symfony\\Component\\Console\\Input\\ArgvInput), Object(Symfony\\Component\\Console\\Output\\ConsoleOutput))
#44 D:\\DEV\\GitHub_Projects\\Laravel_FCTS\\LaraFCTS\\vendor\\laravel\\framework\\src\\Illuminate\\Foundation\\Console\\Kernel.php(155): Illuminate\\Console\\Application->run(Object(Symfony\\Component\\Console\\Input\\ArgvInput), Object(Symfony\\Component\\Console\\Output\\ConsoleOutput))
#45 D:\\DEV\\GitHub_Projects\\Laravel_FCTS\\LaraFCTS\\artisan(37): Illuminate\\Foundation\\Console\\Kernel->handle(Object(Symfony\\Component\\Console\\Input\\ArgvInput), Object(Symfony\\Component\\Console\\Output\\ConsoleOutput))
#46 {main}
"} 
[2023-02-08 10:27:29] local.ERROR: Class "App\Providers\Schema" not found {"exception":"[object] (Error(code: 0): Class \"App\\Providers\\Schema\" not found at D:\\DEV\\GitHub_Projects\\Laravel_FCTS\\LaraFCTS\\app\\Providers\\AppServiceProvider.php:27)
[stacktrace]
#0 D:\\DEV\\GitHub_Projects\\Laravel_FCTS\\LaraFCTS\\vendor\\laravel\\framework\\src\\Illuminate\\Container\\BoundMethod.php(36): App\\Providers\\AppServiceProvider->boot()
#1 D:\\DEV\\GitHub_Projects\\Laravel_FCTS\\LaraFCTS\\vendor\\laravel\\framework\\src\\Illuminate\\Container\\Util.php(41): Illuminate\\Container\\BoundMethod::Illuminate\\Container\\{closure}()
#2 D:\\DEV\\GitHub_Projects\\Laravel_FCTS\\LaraFCTS\\vendor\\laravel\\framework\\src\\Illuminate\\Container\\BoundMethod.php(93): Illuminate\\Container\\Util::unwrapIfClosure(Object(Closure))
#3 D:\\DEV\\GitHub_Projects\\Laravel_FCTS\\LaraFCTS\\vendor\\laravel\\framework\\src\\Illuminate\\Container\\BoundMethod.php(37): Illuminate\\Container\\BoundMethod::callBoundMethod(Object(Illuminate\\Foundation\\Application), Array, Object(Closure))
#4 D:\\DEV\\GitHub_Projects\\Laravel_FCTS\\LaraFCTS\\vendor\\laravel\\framework\\src\\Illuminate\\Container\\Container.php(663): Illuminate\\Container\\BoundMethod::call(Object(Illuminate\\Foundation\\Application), Array, Array, NULL)
#5 D:\\DEV\\GitHub_Projects\\Laravel_FCTS\\LaraFCTS\\vendor\\laravel\\framework\\src\\Illuminate\\Foundation\\Application.php(933): Illuminate\\Container\\Container->call(Array)
#6 D:\\DEV\\GitHub_Projects\\Laravel_FCTS\\LaraFCTS\\vendor\\laravel\\framework\\src\\Illuminate\\Foundation\\Application.php(914): Illuminate\\Foundation\\Application->bootProvider(Object(App\\Providers\\AppServiceProvider))
#7 [internal function]: Illuminate\\Foundation\\Application->Illuminate\\Foundation\\{closure}(Object(App\\Providers\\AppServiceProvider), 21)
#8 D:\\DEV\\GitHub_Projects\\Laravel_FCTS\\LaraFCTS\\vendor\\laravel\\framework\\src\\Illuminate\\Foundation\\Application.php(915): array_walk(Array, Object(Closure))
#9 D:\\DEV\\GitHub_Projects\\Laravel_FCTS\\LaraFCTS\\vendor\\laravel\\framework\\src\\Illuminate\\Foundation\\Bootstrap\\BootProviders.php(17): Illuminate\\Foundation\\Application->boot()
#10 D:\\DEV\\GitHub_Projects\\Laravel_FCTS\\LaraFCTS\\vendor\\laravel\\framework\\src\\Illuminate\\Foundation\\Application.php(242): Illuminate\\Foundation\\Bootstrap\\BootProviders->bootstrap(Object(Illuminate\\Foundation\\Application))
#11 D:\\DEV\\GitHub_Projects\\Laravel_FCTS\\LaraFCTS\\vendor\\laravel\\framework\\src\\Illuminate\\Foundation\\Console\\Kernel.php(383): Illuminate\\Foundation\\Application->bootstrapWith(Array)
#12 D:\\DEV\\GitHub_Projects\\Laravel_FCTS\\LaraFCTS\\vendor\\laravel\\framework\\src\\Illuminate\\Foundation\\Console\\Kernel.php(153): Illuminate\\Foundation\\Console\\Kernel->bootstrap()
#13 D:\\DEV\\GitHub_Projects\\Laravel_FCTS\\LaraFCTS\\artisan(37): Illuminate\\Foundation\\Console\\Kernel->handle(Object(Symfony\\Component\\Console\\Input\\ArgvInput), Object(Symfony\\Component\\Console\\Output\\ConsoleOutput))
#14 {main}
"} 
[2023-02-08 10:29:47] local.ERROR: SQLSTATE[42000]: Syntax error or access violation: 1071 Specified key was too long; max key length is 1000 bytes (SQL: alter table `users` add unique `users_email_unique`(`email`)) {"exception":"[object] (Illuminate\\Database\\QueryException(code: 42000): SQLSTATE[42000]: Syntax error or access violation: 1071 Specified key was too long; max key length is 1000 bytes (SQL: alter table `users` add unique `users_email_unique`(`email`)) at D:\\DEV\\GitHub_Projects\\Laravel_FCTS\\LaraFCTS\\vendor\\laravel\\framework\\src\\Illuminate\\Database\\Connection.php:760)
[stacktrace]
#0 D:\\DEV\\GitHub_Projects\\Laravel_FCTS\\LaraFCTS\\vendor\\laravel\\framework\\src\\Illuminate\\Database\\Connection.php(720): Illuminate\\Database\\Connection->runQueryCallback('alter table `us...', Array, Object(Closure))
#1 D:\\DEV\\GitHub_Projects\\Laravel_FCTS\\LaraFCTS\\vendor\\laravel\\framework\\src\\Illuminate\\Database\\Connection.php(546): Illuminate\\Database\\Connection->run('alter table `us...', Array, Object(Closure))
#2 D:\\DEV\\GitHub_Projects\\Laravel_FCTS\\LaraFCTS\\vendor\\laravel\\framework\\src\\Illuminate\\Database\\Schema\\Blueprint.php(109): Illuminate\\Database\\Connection->statement('alter table `us...')
#3 D:\\DEV\\GitHub_Projects\\Laravel_FCTS\\LaraFCTS\\vendor\\laravel\\framework\\src\\Illuminate\\Database\\Schema\\Builder.php(439): Illuminate\\Database\\Schema\\Blueprint->build(Object(Illuminate\\Database\\MySqlConnection), Object(Illuminate\\Database\\Schema\\Grammars\\MySqlGrammar))
#4 D:\\DEV\\GitHub_Projects\\Laravel_FCTS\\LaraFCTS\\vendor\\laravel\\framework\\src\\Illuminate\\Database\\Schema\\Builder.php(285): Illuminate\\Database\\Schema\\Builder->build(Object(Illuminate\\Database\\Schema\\Blueprint))
#5 D:\\DEV\\GitHub_Projects\\Laravel_FCTS\\LaraFCTS\\vendor\\laravel\\framework\\src\\Illuminate\\Support\\Facades\\Facade.php(338): Illuminate\\Database\\Schema\\Builder->create('users', Object(Closure))
#6 D:\\DEV\\GitHub_Projects\\Laravel_FCTS\\LaraFCTS\\database\\migrations\\2014_10_12_000000_create_users_table.php(26): Illuminate\\Support\\Facades\\Facade::__callStatic('create', Array)
#7 D:\\DEV\\GitHub_Projects\\Laravel_FCTS\\LaraFCTS\\vendor\\laravel\\framework\\src\\Illuminate\\Database\\Migrations\\Migrator.php(481): Illuminate\\Database\\Migrations\\Migration@anonymous->up()
#8 D:\\DEV\\GitHub_Projects\\Laravel_FCTS\\LaraFCTS\\vendor\\laravel\\framework\\src\\Illuminate\\Database\\Migrations\\Migrator.php(399): Illuminate\\Database\\Migrations\\Migrator->runMethod(Object(Illuminate\\Database\\MySqlConnection), Object(Illuminate\\Database\\Migrations\\Migration@anonymous), 'up')
#9 D:\\DEV\\GitHub_Projects\\Laravel_FCTS\\LaraFCTS\\vendor\\laravel\\framework\\src\\Illuminate\\Database\\Migrations\\Migrator.php(408): Illuminate\\Database\\Migrations\\Migrator->Illuminate\\Database\\Migrations\\{closure}()
#10 D:\\DEV\\GitHub_Projects\\Laravel_FCTS\\LaraFCTS\\vendor\\laravel\\framework\\src\\Illuminate\\Database\\Migrations\\Migrator.php(209): Illuminate\\Database\\Migrations\\Migrator->runMigration(Object(Illuminate\\Database\\Migrations\\Migration@anonymous), 'up')
#11 D:\\DEV\\GitHub_Projects\\Laravel_FCTS\\LaraFCTS\\vendor\\laravel\\framework\\src\\Illuminate\\Console\\View\\Components\\Task.php(36): Illuminate\\Database\\Migrations\\Migrator->Illuminate\\Database\\Migrations\\{closure}()
#12 D:\\DEV\\GitHub_Projects\\Laravel_FCTS\\LaraFCTS\\vendor\\laravel\\framework\\src\\Illuminate\\Database\\Migrations\\Migrator.php(738): Illuminate\\Console\\View\\Components\\Task->render('2014_10_12_0000...', Object(Closure))
#13 D:\\DEV\\GitHub_Projects\\Laravel_FCTS\\LaraFCTS\\vendor\\laravel\\framework\\src\\Illuminate\\Database\\Migrations\\Migrator.php(209): Illuminate\\Database\\Migrations\\Migrator->write('Illuminate\\\\Cons...', '2014_10_12_0000...', Object(Closure))
#14 D:\\DEV\\GitHub_Projects\\Laravel_FCTS\\LaraFCTS\\vendor\\laravel\\framework\\src\\Illuminate\\Database\\Migrations\\Migrator.php(174): Illuminate\\Database\\Migrations\\Migrator->runUp('D:\\\\DEV\\\\GitHub_P...', 1, false)
#15 D:\\DEV\\GitHub_Projects\\Laravel_FCTS\\LaraFCTS\\vendor\\laravel\\framework\\src\\Illuminate\\Database\\Migrations\\Migrator.php(117): Illuminate\\Database\\Migrations\\Migrator->runPending(Array, Array)
#16 D:\\DEV\\GitHub_Projects\\Laravel_FCTS\\LaraFCTS\\vendor\\laravel\\framework\\src\\Illuminate\\Database\\Console\\Migrations\\MigrateCommand.php(90): Illuminate\\Database\\Migrations\\Migrator->run(Array, Array)
#17 D:\\DEV\\GitHub_Projects\\Laravel_FCTS\\LaraFCTS\\vendor\\laravel\\framework\\src\\Illuminate\\Database\\Migrations\\Migrator.php(615): Illuminate\\Database\\Console\\Migrations\\MigrateCommand->Illuminate\\Database\\Console\\Migrations\\{closure}()
#18 D:\\DEV\\GitHub_Projects\\Laravel_FCTS\\LaraFCTS\\vendor\\laravel\\framework\\src\\Illuminate\\Database\\Console\\Migrations\\MigrateCommand.php(102): Illuminate\\Database\\Migrations\\Migrator->usingConnection(NULL, Object(Closure))
#19 D:\\DEV\\GitHub_Projects\\Laravel_FCTS\\LaraFCTS\\vendor\\laravel\\framework\\src\\Illuminate\\Container\\BoundMethod.php(36): Illuminate\\Database\\Console\\Migrations\\MigrateCommand->handle()
#20 D:\\DEV\\GitHub_Projects\\Laravel_FCTS\\LaraFCTS\\vendor\\laravel\\framework\\src\\Illuminate\\Container\\Util.php(41): Illuminate\\Container\\BoundMethod::Illuminate\\Container\\{closure}()
#21 D:\\DEV\\GitHub_Projects\\Laravel_FCTS\\LaraFCTS\\vendor\\laravel\\framework\\src\\Illuminate\\Container\\BoundMethod.php(93): Illuminate\\Container\\Util::unwrapIfClosure(Object(Closure))
#22 D:\\DEV\\GitHub_Projects\\Laravel_FCTS\\LaraFCTS\\vendor\\laravel\\framework\\src\\Illuminate\\Container\\BoundMethod.php(37): Illuminate\\Container\\BoundMethod::callBoundMethod(Object(Illuminate\\Foundation\\Application), Array, Object(Closure))
#23 D:\\DEV\\GitHub_Projects\\Laravel_FCTS\\LaraFCTS\\vendor\\laravel\\framework\\src\\Illuminate\\Container\\Container.php(663): Illuminate\\Container\\BoundMethod::call(Object(Illuminate\\Foundation\\Application), Array, Array, NULL)
#24 D:\\DEV\\GitHub_Projects\\Laravel_FCTS\\LaraFCTS\\vendor\\laravel\\framework\\src\\Illuminate\\Console\\Command.php(182): Illuminate\\Container\\Container->call(Array)
#25 D:\\DEV\\GitHub_Projects\\Laravel_FCTS\\LaraFCTS\\vendor\\symfony\\console\\Command\\Command.php(312): Illuminate\\Console\\Command->execute(Object(Symfony\\Component\\Console\\Input\\ArrayInput), Object(Illuminate\\Console\\OutputStyle))
#26 D:\\DEV\\GitHub_Projects\\Laravel_FCTS\\LaraFCTS\\vendor\\laravel\\framework\\src\\Illuminate\\Console\\Command.php(152): Symfony\\Component\\Console\\Command\\Command->run(Object(Symfony\\Component\\Console\\Input\\ArrayInput), Object(Illuminate\\Console\\OutputStyle))
#27 D:\\DEV\\GitHub_Projects\\Laravel_FCTS\\LaraFCTS\\vendor\\laravel\\framework\\src\\Illuminate\\Console\\Concerns\\CallsCommands.php(68): Illuminate\\Console\\Command->run(Object(Symfony\\Component\\Console\\Input\\ArrayInput), Object(Illuminate\\Console\\OutputStyle))
#28 D:\\DEV\\GitHub_Projects\\Laravel_FCTS\\LaraFCTS\\vendor\\laravel\\framework\\src\\Illuminate\\Console\\Concerns\\CallsCommands.php(28): Illuminate\\Console\\Command->runCommand('migrate', Array, Object(Illuminate\\Console\\OutputStyle))
#29 D:\\DEV\\GitHub_Projects\\Laravel_FCTS\\LaraFCTS\\vendor\\laravel\\framework\\src\\Illuminate\\Database\\Console\\Migrations\\FreshCommand.php(59): Illuminate\\Console\\Command->call('migrate', Array)
#30 D:\\DEV\\GitHub_Projects\\Laravel_FCTS\\LaraFCTS\\vendor\\laravel\\framework\\src\\Illuminate\\Container\\BoundMethod.php(36): Illuminate\\Database\\Console\\Migrations\\FreshCommand->handle()
#31 D:\\DEV\\GitHub_Projects\\Laravel_FCTS\\LaraFCTS\\vendor\\laravel\\framework\\src\\Illuminate\\Container\\Util.php(41): Illuminate\\Container\\BoundMethod::Illuminate\\Container\\{closure}()
#32 D:\\DEV\\GitHub_Projects\\Laravel_FCTS\\LaraFCTS\\vendor\\laravel\\framework\\src\\Illuminate\\Container\\BoundMethod.php(93): Illuminate\\Container\\Util::unwrapIfClosure(Object(Closure))
#33 D:\\DEV\\GitHub_Projects\\Laravel_FCTS\\LaraFCTS\\vendor\\laravel\\framework\\src\\Illuminate\\Container\\BoundMethod.php(37): Illuminate\\Container\\BoundMethod::callBoundMethod(Object(Illuminate\\Foundation\\Application), Array, Object(Closure))
#34 D:\\DEV\\GitHub_Projects\\Laravel_FCTS\\LaraFCTS\\vendor\\laravel\\framework\\src\\Illuminate\\Container\\Container.php(663): Illuminate\\Container\\BoundMethod::call(Object(Illuminate\\Foundation\\Application), Array, Array, NULL)
#35 D:\\DEV\\GitHub_Projects\\Laravel_FCTS\\LaraFCTS\\vendor\\laravel\\framework\\src\\Illuminate\\Console\\Command.php(182): Illuminate\\Container\\Container->call(Array)
#36 D:\\DEV\\GitHub_Projects\\Laravel_FCTS\\LaraFCTS\\vendor\\symfony\\console\\Command\\Command.php(312): Illuminate\\Console\\Command->execute(Object(Symfony\\Component\\Console\\Input\\ArgvInput), Object(Illuminate\\Console\\OutputStyle))
#37 D:\\DEV\\GitHub_Projects\\Laravel_FCTS\\LaraFCTS\\vendor\\laravel\\framework\\src\\Illuminate\\Console\\Command.php(152): Symfony\\Component\\Console\\Command\\Command->run(Object(Symfony\\Component\\Console\\Input\\ArgvInput), Object(Illuminate\\Console\\OutputStyle))
#38 D:\\DEV\\GitHub_Projects\\Laravel_FCTS\\LaraFCTS\\vendor\\symfony\\console\\Application.php(1022): Illuminate\\Console\\Command->run(Object(Symfony\\Component\\Console\\Input\\ArgvInput), Object(Symfony\\Component\\Console\\Output\\ConsoleOutput))
#39 D:\\DEV\\GitHub_Projects\\Laravel_FCTS\\LaraFCTS\\vendor\\symfony\\console\\Application.php(314): Symfony\\Component\\Console\\Application->doRunCommand(Object(Illuminate\\Database\\Console\\Migrations\\FreshCommand), Object(Symfony\\Component\\Console\\Input\\ArgvInput), Object(Symfony\\Component\\Console\\Output\\ConsoleOutput))
#40 D:\\DEV\\GitHub_Projects\\Laravel_FCTS\\LaraFCTS\\vendor\\symfony\\console\\Application.php(168): Symfony\\Component\\Console\\Application->doRun(Object(Symfony\\Component\\Console\\Input\\ArgvInput), Object(Symfony\\Component\\Console\\Output\\ConsoleOutput))
#41 D:\\DEV\\GitHub_Projects\\Laravel_FCTS\\LaraFCTS\\vendor\\laravel\\framework\\src\\Illuminate\\Console\\Application.php(102): Symfony\\Component\\Console\\Application->run(Object(Symfony\\Component\\Console\\Input\\ArgvInput), Object(Symfony\\Component\\Console\\Output\\ConsoleOutput))
#42 D:\\DEV\\GitHub_Projects\\Laravel_FCTS\\LaraFCTS\\vendor\\laravel\\framework\\src\\Illuminate\\Foundation\\Console\\Kernel.php(155): Illuminate\\Console\\Application->run(Object(Symfony\\Component\\Console\\Input\\ArgvInput), Object(Symfony\\Component\\Console\\Output\\ConsoleOutput))
#43 D:\\DEV\\GitHub_Projects\\Laravel_FCTS\\LaraFCTS\\artisan(37): Illuminate\\Foundation\\Console\\Kernel->handle(Object(Symfony\\Component\\Console\\Input\\ArgvInput), Object(Symfony\\Component\\Console\\Output\\ConsoleOutput))
#44 {main}

[previous exception] [object] (PDOException(code: 42000): SQLSTATE[42000]: Syntax error or access violation: 1071 Specified key was too long; max key length is 1000 bytes at D:\\DEV\\GitHub_Projects\\Laravel_FCTS\\LaraFCTS\\vendor\\laravel\\framework\\src\\Illuminate\\Database\\Connection.php:545)
[stacktrace]
#0 D:\\DEV\\GitHub_Projects\\Laravel_FCTS\\LaraFCTS\\vendor\\laravel\\framework\\src\\Illuminate\\Database\\Connection.php(545): PDOStatement->execute()
#1 D:\\DEV\\GitHub_Projects\\Laravel_FCTS\\LaraFCTS\\vendor\\laravel\\framework\\src\\Illuminate\\Database\\Connection.php(753): Illuminate\\Database\\Connection->Illuminate\\Database\\{closure}('alter table `us...', Array)
#2 D:\\DEV\\GitHub_Projects\\Laravel_FCTS\\LaraFCTS\\vendor\\laravel\\framework\\src\\Illuminate\\Database\\Connection.php(720): Illuminate\\Database\\Connection->runQueryCallback('alter table `us...', Array, Object(Closure))
#3 D:\\DEV\\GitHub_Projects\\Laravel_FCTS\\LaraFCTS\\vendor\\laravel\\framework\\src\\Illuminate\\Database\\Connection.php(546): Illuminate\\Database\\Connection->run('alter table `us...', Array, Object(Closure))
#4 D:\\DEV\\GitHub_Projects\\Laravel_FCTS\\LaraFCTS\\vendor\\laravel\\framework\\src\\Illuminate\\Database\\Schema\\Blueprint.php(109): Illuminate\\Database\\Connection->statement('alter table `us...')
#5 D:\\DEV\\GitHub_Projects\\Laravel_FCTS\\LaraFCTS\\vendor\\laravel\\framework\\src\\Illuminate\\Database\\Schema\\Builder.php(439): Illuminate\\Database\\Schema\\Blueprint->build(Object(Illuminate\\Database\\MySqlConnection), Object(Illuminate\\Database\\Schema\\Grammars\\MySqlGrammar))
#6 D:\\DEV\\GitHub_Projects\\Laravel_FCTS\\LaraFCTS\\vendor\\laravel\\framework\\src\\Illuminate\\Database\\Schema\\Builder.php(285): Illuminate\\Database\\Schema\\Builder->build(Object(Illuminate\\Database\\Schema\\Blueprint))
#7 D:\\DEV\\GitHub_Projects\\Laravel_FCTS\\LaraFCTS\\vendor\\laravel\\framework\\src\\Illuminate\\Support\\Facades\\Facade.php(338): Illuminate\\Database\\Schema\\Builder->create('users', Object(Closure))
#8 D:\\DEV\\GitHub_Projects\\Laravel_FCTS\\LaraFCTS\\database\\migrations\\2014_10_12_000000_create_users_table.php(26): Illuminate\\Support\\Facades\\Facade::__callStatic('create', Array)
#9 D:\\DEV\\GitHub_Projects\\Laravel_FCTS\\LaraFCTS\\vendor\\laravel\\framework\\src\\Illuminate\\Database\\Migrations\\Migrator.php(481): Illuminate\\Database\\Migrations\\Migration@anonymous->up()
#10 D:\\DEV\\GitHub_Projects\\Laravel_FCTS\\LaraFCTS\\vendor\\laravel\\framework\\src\\Illuminate\\Database\\Migrations\\Migrator.php(399): Illuminate\\Database\\Migrations\\Migrator->runMethod(Object(Illuminate\\Database\\MySqlConnection), Object(Illuminate\\Database\\Migrations\\Migration@anonymous), 'up')
#11 D:\\DEV\\GitHub_Projects\\Laravel_FCTS\\LaraFCTS\\vendor\\laravel\\framework\\src\\Illuminate\\Database\\Migrations\\Migrator.php(408): Illuminate\\Database\\Migrations\\Migrator->Illuminate\\Database\\Migrations\\{closure}()
#12 D:\\DEV\\GitHub_Projects\\Laravel_FCTS\\LaraFCTS\\vendor\\laravel\\framework\\src\\Illuminate\\Database\\Migrations\\Migrator.php(209): Illuminate\\Database\\Migrations\\Migrator->runMigration(Object(Illuminate\\Database\\Migrations\\Migration@anonymous), 'up')
#13 D:\\DEV\\GitHub_Projects\\Laravel_FCTS\\LaraFCTS\\vendor\\laravel\\framework\\src\\Illuminate\\Console\\View\\Components\\Task.php(36): Illuminate\\Database\\Migrations\\Migrator->Illuminate\\Database\\Migrations\\{closure}()
#14 D:\\DEV\\GitHub_Projects\\Laravel_FCTS\\LaraFCTS\\vendor\\laravel\\framework\\src\\Illuminate\\Database\\Migrations\\Migrator.php(738): Illuminate\\Console\\View\\Components\\Task->render('2014_10_12_0000...', Object(Closure))
#15 D:\\DEV\\GitHub_Projects\\Laravel_FCTS\\LaraFCTS\\vendor\\laravel\\framework\\src\\Illuminate\\Database\\Migrations\\Migrator.php(209): Illuminate\\Database\\Migrations\\Migrator->write('Illuminate\\\\Cons...', '2014_10_12_0000...', Object(Closure))
#16 D:\\DEV\\GitHub_Projects\\Laravel_FCTS\\LaraFCTS\\vendor\\laravel\\framework\\src\\Illuminate\\Database\\Migrations\\Migrator.php(174): Illuminate\\Database\\Migrations\\Migrator->runUp('D:\\\\DEV\\\\GitHub_P...', 1, false)
#17 D:\\DEV\\GitHub_Projects\\Laravel_FCTS\\LaraFCTS\\vendor\\laravel\\framework\\src\\Illuminate\\Database\\Migrations\\Migrator.php(117): Illuminate\\Database\\Migrations\\Migrator->runPending(Array, Array)
#18 D:\\DEV\\GitHub_Projects\\Laravel_FCTS\\LaraFCTS\\vendor\\laravel\\framework\\src\\Illuminate\\Database\\Console\\Migrations\\MigrateCommand.php(90): Illuminate\\Database\\Migrations\\Migrator->run(Array, Array)
#19 D:\\DEV\\GitHub_Projects\\Laravel_FCTS\\LaraFCTS\\vendor\\laravel\\framework\\src\\Illuminate\\Database\\Migrations\\Migrator.php(615): Illuminate\\Database\\Console\\Migrations\\MigrateCommand->Illuminate\\Database\\Console\\Migrations\\{closure}()
#20 D:\\DEV\\GitHub_Projects\\Laravel_FCTS\\LaraFCTS\\vendor\\laravel\\framework\\src\\Illuminate\\Database\\Console\\Migrations\\MigrateCommand.php(102): Illuminate\\Database\\Migrations\\Migrator->usingConnection(NULL, Object(Closure))
#21 D:\\DEV\\GitHub_Projects\\Laravel_FCTS\\LaraFCTS\\vendor\\laravel\\framework\\src\\Illuminate\\Container\\BoundMethod.php(36): Illuminate\\Database\\Console\\Migrations\\MigrateCommand->handle()
#22 D:\\DEV\\GitHub_Projects\\Laravel_FCTS\\LaraFCTS\\vendor\\laravel\\framework\\src\\Illuminate\\Container\\Util.php(41): Illuminate\\Container\\BoundMethod::Illuminate\\Container\\{closure}()
#23 D:\\DEV\\GitHub_Projects\\Laravel_FCTS\\LaraFCTS\\vendor\\laravel\\framework\\src\\Illuminate\\Container\\BoundMethod.php(93): Illuminate\\Container\\Util::unwrapIfClosure(Object(Closure))
#24 D:\\DEV\\GitHub_Projects\\Laravel_FCTS\\LaraFCTS\\vendor\\laravel\\framework\\src\\Illuminate\\Container\\BoundMethod.php(37): Illuminate\\Container\\BoundMethod::callBoundMethod(Object(Illuminate\\Foundation\\Application), Array, Object(Closure))
#25 D:\\DEV\\GitHub_Projects\\Laravel_FCTS\\LaraFCTS\\vendor\\laravel\\framework\\src\\Illuminate\\Container\\Container.php(663): Illuminate\\Container\\BoundMethod::call(Object(Illuminate\\Foundation\\Application), Array, Array, NULL)
#26 D:\\DEV\\GitHub_Projects\\Laravel_FCTS\\LaraFCTS\\vendor\\laravel\\framework\\src\\Illuminate\\Console\\Command.php(182): Illuminate\\Container\\Container->call(Array)
#27 D:\\DEV\\GitHub_Projects\\Laravel_FCTS\\LaraFCTS\\vendor\\symfony\\console\\Command\\Command.php(312): Illuminate\\Console\\Command->execute(Object(Symfony\\Component\\Console\\Input\\ArrayInput), Object(Illuminate\\Console\\OutputStyle))
#28 D:\\DEV\\GitHub_Projects\\Laravel_FCTS\\LaraFCTS\\vendor\\laravel\\framework\\src\\Illuminate\\Console\\Command.php(152): Symfony\\Component\\Console\\Command\\Command->run(Object(Symfony\\Component\\Console\\Input\\ArrayInput), Object(Illuminate\\Console\\OutputStyle))
#29 D:\\DEV\\GitHub_Projects\\Laravel_FCTS\\LaraFCTS\\vendor\\laravel\\framework\\src\\Illuminate\\Console\\Concerns\\CallsCommands.php(68): Illuminate\\Console\\Command->run(Object(Symfony\\Component\\Console\\Input\\ArrayInput), Object(Illuminate\\Console\\OutputStyle))
#30 D:\\DEV\\GitHub_Projects\\Laravel_FCTS\\LaraFCTS\\vendor\\laravel\\framework\\src\\Illuminate\\Console\\Concerns\\CallsCommands.php(28): Illuminate\\Console\\Command->runCommand('migrate', Array, Object(Illuminate\\Console\\OutputStyle))
#31 D:\\DEV\\GitHub_Projects\\Laravel_FCTS\\LaraFCTS\\vendor\\laravel\\framework\\src\\Illuminate\\Database\\Console\\Migrations\\FreshCommand.php(59): Illuminate\\Console\\Command->call('migrate', Array)
#32 D:\\DEV\\GitHub_Projects\\Laravel_FCTS\\LaraFCTS\\vendor\\laravel\\framework\\src\\Illuminate\\Container\\BoundMethod.php(36): Illuminate\\Database\\Console\\Migrations\\FreshCommand->handle()
#33 D:\\DEV\\GitHub_Projects\\Laravel_FCTS\\LaraFCTS\\vendor\\laravel\\framework\\src\\Illuminate\\Container\\Util.php(41): Illuminate\\Container\\BoundMethod::Illuminate\\Container\\{closure}()
#34 D:\\DEV\\GitHub_Projects\\Laravel_FCTS\\LaraFCTS\\vendor\\laravel\\framework\\src\\Illuminate\\Container\\BoundMethod.php(93): Illuminate\\Container\\Util::unwrapIfClosure(Object(Closure))
#35 D:\\DEV\\GitHub_Projects\\Laravel_FCTS\\LaraFCTS\\vendor\\laravel\\framework\\src\\Illuminate\\Container\\BoundMethod.php(37): Illuminate\\Container\\BoundMethod::callBoundMethod(Object(Illuminate\\Foundation\\Application), Array, Object(Closure))
#36 D:\\DEV\\GitHub_Projects\\Laravel_FCTS\\LaraFCTS\\vendor\\laravel\\framework\\src\\Illuminate\\Container\\Container.php(663): Illuminate\\Container\\BoundMethod::call(Object(Illuminate\\Foundation\\Application), Array, Array, NULL)
#37 D:\\DEV\\GitHub_Projects\\Laravel_FCTS\\LaraFCTS\\vendor\\laravel\\framework\\src\\Illuminate\\Console\\Command.php(182): Illuminate\\Container\\Container->call(Array)
#38 D:\\DEV\\GitHub_Projects\\Laravel_FCTS\\LaraFCTS\\vendor\\symfony\\console\\Command\\Command.php(312): Illuminate\\Console\\Command->execute(Object(Symfony\\Component\\Console\\Input\\ArgvInput), Object(Illuminate\\Console\\OutputStyle))
#39 D:\\DEV\\GitHub_Projects\\Laravel_FCTS\\LaraFCTS\\vendor\\laravel\\framework\\src\\Illuminate\\Console\\Command.php(152): Symfony\\Component\\Console\\Command\\Command->run(Object(Symfony\\Component\\Console\\Input\\ArgvInput), Object(Illuminate\\Console\\OutputStyle))
#40 D:\\DEV\\GitHub_Projects\\Laravel_FCTS\\LaraFCTS\\vendor\\symfony\\console\\Application.php(1022): Illuminate\\Console\\Command->run(Object(Symfony\\Component\\Console\\Input\\ArgvInput), Object(Symfony\\Component\\Console\\Output\\ConsoleOutput))
#41 D:\\DEV\\GitHub_Projects\\Laravel_FCTS\\LaraFCTS\\vendor\\symfony\\console\\Application.php(314): Symfony\\Component\\Console\\Application->doRunCommand(Object(Illuminate\\Database\\Console\\Migrations\\FreshCommand), Object(Symfony\\Component\\Console\\Input\\ArgvInput), Object(Symfony\\Component\\Console\\Output\\ConsoleOutput))
#42 D:\\DEV\\GitHub_Projects\\Laravel_FCTS\\LaraFCTS\\vendor\\symfony\\console\\Application.php(168): Symfony\\Component\\Console\\Application->doRun(Object(Symfony\\Component\\Console\\Input\\ArgvInput), Object(Symfony\\Component\\Console\\Output\\ConsoleOutput))
#43 D:\\DEV\\GitHub_Projects\\Laravel_FCTS\\LaraFCTS\\vendor\\laravel\\framework\\src\\Illuminate\\Console\\Application.php(102): Symfony\\Component\\Console\\Application->run(Object(Symfony\\Component\\Console\\Input\\ArgvInput), Object(Symfony\\Component\\Console\\Output\\ConsoleOutput))
#44 D:\\DEV\\GitHub_Projects\\Laravel_FCTS\\LaraFCTS\\vendor\\laravel\\framework\\src\\Illuminate\\Foundation\\Console\\Kernel.php(155): Illuminate\\Console\\Application->run(Object(Symfony\\Component\\Console\\Input\\ArgvInput), Object(Symfony\\Component\\Console\\Output\\ConsoleOutput))
#45 D:\\DEV\\GitHub_Projects\\Laravel_FCTS\\LaraFCTS\\artisan(37): Illuminate\\Foundation\\Console\\Kernel->handle(Object(Symfony\\Component\\Console\\Input\\ArgvInput), Object(Symfony\\Component\\Console\\Output\\ConsoleOutput))
#46 {main}
"} 
[2023-02-08 11:11:12] local.ERROR: SQLSTATE[42000]: Syntax error or access violation: 1071 Specified key was too long; max key length is 1000 bytes (SQL: alter table `users` add unique `users_email_unique`(`email`)) {"exception":"[object] (Illuminate\\Database\\QueryException(code: 42000): SQLSTATE[42000]: Syntax error or access violation: 1071 Specified key was too long; max key length is 1000 bytes (SQL: alter table `users` add unique `users_email_unique`(`email`)) at D:\\DEV\\GitHub_Projects\\Laravel_FCTS\\LaraFCTS\\vendor\\laravel\\framework\\src\\Illuminate\\Database\\Connection.php:760)
[stacktrace]
#0 D:\\DEV\\GitHub_Projects\\Laravel_FCTS\\LaraFCTS\\vendor\\laravel\\framework\\src\\Illuminate\\Database\\Connection.php(720): Illuminate\\Database\\Connection->runQueryCallback('alter table `us...', Array, Object(Closure))
#1 D:\\DEV\\GitHub_Projects\\Laravel_FCTS\\LaraFCTS\\vendor\\laravel\\framework\\src\\Illuminate\\Database\\Connection.php(546): Illuminate\\Database\\Connection->run('alter table `us...', Array, Object(Closure))
#2 D:\\DEV\\GitHub_Projects\\Laravel_FCTS\\LaraFCTS\\vendor\\laravel\\framework\\src\\Illuminate\\Database\\Schema\\Blueprint.php(109): Illuminate\\Database\\Connection->statement('alter table `us...')
#3 D:\\DEV\\GitHub_Projects\\Laravel_FCTS\\LaraFCTS\\vendor\\laravel\\framework\\src\\Illuminate\\Database\\Schema\\Builder.php(439): Illuminate\\Database\\Schema\\Blueprint->build(Object(Illuminate\\Database\\MySqlConnection), Object(Illuminate\\Database\\Schema\\Grammars\\MySqlGrammar))
#4 D:\\DEV\\GitHub_Projects\\Laravel_FCTS\\LaraFCTS\\vendor\\laravel\\framework\\src\\Illuminate\\Database\\Schema\\Builder.php(285): Illuminate\\Database\\Schema\\Builder->build(Object(Illuminate\\Database\\Schema\\Blueprint))
#5 D:\\DEV\\GitHub_Projects\\Laravel_FCTS\\LaraFCTS\\vendor\\laravel\\framework\\src\\Illuminate\\Support\\Facades\\Facade.php(338): Illuminate\\Database\\Schema\\Builder->create('users', Object(Closure))
#6 D:\\DEV\\GitHub_Projects\\Laravel_FCTS\\LaraFCTS\\database\\migrations\\2014_10_12_000000_create_users_table.php(26): Illuminate\\Support\\Facades\\Facade::__callStatic('create', Array)
#7 D:\\DEV\\GitHub_Projects\\Laravel_FCTS\\LaraFCTS\\vendor\\laravel\\framework\\src\\Illuminate\\Database\\Migrations\\Migrator.php(481): Illuminate\\Database\\Migrations\\Migration@anonymous->up()
#8 D:\\DEV\\GitHub_Projects\\Laravel_FCTS\\LaraFCTS\\vendor\\laravel\\framework\\src\\Illuminate\\Database\\Migrations\\Migrator.php(399): Illuminate\\Database\\Migrations\\Migrator->runMethod(Object(Illuminate\\Database\\MySqlConnection), Object(Illuminate\\Database\\Migrations\\Migration@anonymous), 'up')
#9 D:\\DEV\\GitHub_Projects\\Laravel_FCTS\\LaraFCTS\\vendor\\laravel\\framework\\src\\Illuminate\\Database\\Migrations\\Migrator.php(408): Illuminate\\Database\\Migrations\\Migrator->Illuminate\\Database\\Migrations\\{closure}()
#10 D:\\DEV\\GitHub_Projects\\Laravel_FCTS\\LaraFCTS\\vendor\\laravel\\framework\\src\\Illuminate\\Database\\Migrations\\Migrator.php(209): Illuminate\\Database\\Migrations\\Migrator->runMigration(Object(Illuminate\\Database\\Migrations\\Migration@anonymous), 'up')
#11 D:\\DEV\\GitHub_Projects\\Laravel_FCTS\\LaraFCTS\\vendor\\laravel\\framework\\src\\Illuminate\\Console\\View\\Components\\Task.php(36): Illuminate\\Database\\Migrations\\Migrator->Illuminate\\Database\\Migrations\\{closure}()
#12 D:\\DEV\\GitHub_Projects\\Laravel_FCTS\\LaraFCTS\\vendor\\laravel\\framework\\src\\Illuminate\\Database\\Migrations\\Migrator.php(738): Illuminate\\Console\\View\\Components\\Task->render('2014_10_12_0000...', Object(Closure))
#13 D:\\DEV\\GitHub_Projects\\Laravel_FCTS\\LaraFCTS\\vendor\\laravel\\framework\\src\\Illuminate\\Database\\Migrations\\Migrator.php(209): Illuminate\\Database\\Migrations\\Migrator->write('Illuminate\\\\Cons...', '2014_10_12_0000...', Object(Closure))
#14 D:\\DEV\\GitHub_Projects\\Laravel_FCTS\\LaraFCTS\\vendor\\laravel\\framework\\src\\Illuminate\\Database\\Migrations\\Migrator.php(174): Illuminate\\Database\\Migrations\\Migrator->runUp('D:\\\\DEV\\\\GitHub_P...', 1, false)
#15 D:\\DEV\\GitHub_Projects\\Laravel_FCTS\\LaraFCTS\\vendor\\laravel\\framework\\src\\Illuminate\\Database\\Migrations\\Migrator.php(117): Illuminate\\Database\\Migrations\\Migrator->runPending(Array, Array)
#16 D:\\DEV\\GitHub_Projects\\Laravel_FCTS\\LaraFCTS\\vendor\\laravel\\framework\\src\\Illuminate\\Database\\Console\\Migrations\\MigrateCommand.php(90): Illuminate\\Database\\Migrations\\Migrator->run(Array, Array)
#17 D:\\DEV\\GitHub_Projects\\Laravel_FCTS\\LaraFCTS\\vendor\\laravel\\framework\\src\\Illuminate\\Database\\Migrations\\Migrator.php(615): Illuminate\\Database\\Console\\Migrations\\MigrateCommand->Illuminate\\Database\\Console\\Migrations\\{closure}()
#18 D:\\DEV\\GitHub_Projects\\Laravel_FCTS\\LaraFCTS\\vendor\\laravel\\framework\\src\\Illuminate\\Database\\Console\\Migrations\\MigrateCommand.php(102): Illuminate\\Database\\Migrations\\Migrator->usingConnection(NULL, Object(Closure))
#19 D:\\DEV\\GitHub_Projects\\Laravel_FCTS\\LaraFCTS\\vendor\\laravel\\framework\\src\\Illuminate\\Container\\BoundMethod.php(36): Illuminate\\Database\\Console\\Migrations\\MigrateCommand->handle()
#20 D:\\DEV\\GitHub_Projects\\Laravel_FCTS\\LaraFCTS\\vendor\\laravel\\framework\\src\\Illuminate\\Container\\Util.php(41): Illuminate\\Container\\BoundMethod::Illuminate\\Container\\{closure}()
#21 D:\\DEV\\GitHub_Projects\\Laravel_FCTS\\LaraFCTS\\vendor\\laravel\\framework\\src\\Illuminate\\Container\\BoundMethod.php(93): Illuminate\\Container\\Util::unwrapIfClosure(Object(Closure))
#22 D:\\DEV\\GitHub_Projects\\Laravel_FCTS\\LaraFCTS\\vendor\\laravel\\framework\\src\\Illuminate\\Container\\BoundMethod.php(37): Illuminate\\Container\\BoundMethod::callBoundMethod(Object(Illuminate\\Foundation\\Application), Array, Object(Closure))
#23 D:\\DEV\\GitHub_Projects\\Laravel_FCTS\\LaraFCTS\\vendor\\laravel\\framework\\src\\Illuminate\\Container\\Container.php(663): Illuminate\\Container\\BoundMethod::call(Object(Illuminate\\Foundation\\Application), Array, Array, NULL)
#24 D:\\DEV\\GitHub_Projects\\Laravel_FCTS\\LaraFCTS\\vendor\\laravel\\framework\\src\\Illuminate\\Console\\Command.php(182): Illuminate\\Container\\Container->call(Array)
#25 D:\\DEV\\GitHub_Projects\\Laravel_FCTS\\LaraFCTS\\vendor\\symfony\\console\\Command\\Command.php(312): Illuminate\\Console\\Command->execute(Object(Symfony\\Component\\Console\\Input\\ArrayInput), Object(Illuminate\\Console\\OutputStyle))
#26 D:\\DEV\\GitHub_Projects\\Laravel_FCTS\\LaraFCTS\\vendor\\laravel\\framework\\src\\Illuminate\\Console\\Command.php(152): Symfony\\Component\\Console\\Command\\Command->run(Object(Symfony\\Component\\Console\\Input\\ArrayInput), Object(Illuminate\\Console\\OutputStyle))
#27 D:\\DEV\\GitHub_Projects\\Laravel_FCTS\\LaraFCTS\\vendor\\laravel\\framework\\src\\Illuminate\\Console\\Concerns\\CallsCommands.php(68): Illuminate\\Console\\Command->run(Object(Symfony\\Component\\Console\\Input\\ArrayInput), Object(Illuminate\\Console\\OutputStyle))
#28 D:\\DEV\\GitHub_Projects\\Laravel_FCTS\\LaraFCTS\\vendor\\laravel\\framework\\src\\Illuminate\\Console\\Concerns\\CallsCommands.php(28): Illuminate\\Console\\Command->runCommand('migrate', Array, Object(Illuminate\\Console\\OutputStyle))
#29 D:\\DEV\\GitHub_Projects\\Laravel_FCTS\\LaraFCTS\\vendor\\laravel\\framework\\src\\Illuminate\\Database\\Console\\Migrations\\FreshCommand.php(59): Illuminate\\Console\\Command->call('migrate', Array)
#30 D:\\DEV\\GitHub_Projects\\Laravel_FCTS\\LaraFCTS\\vendor\\laravel\\framework\\src\\Illuminate\\Container\\BoundMethod.php(36): Illuminate\\Database\\Console\\Migrations\\FreshCommand->handle()
#31 D:\\DEV\\GitHub_Projects\\Laravel_FCTS\\LaraFCTS\\vendor\\laravel\\framework\\src\\Illuminate\\Container\\Util.php(41): Illuminate\\Container\\BoundMethod::Illuminate\\Container\\{closure}()
#32 D:\\DEV\\GitHub_Projects\\Laravel_FCTS\\LaraFCTS\\vendor\\laravel\\framework\\src\\Illuminate\\Container\\BoundMethod.php(93): Illuminate\\Container\\Util::unwrapIfClosure(Object(Closure))
#33 D:\\DEV\\GitHub_Projects\\Laravel_FCTS\\LaraFCTS\\vendor\\laravel\\framework\\src\\Illuminate\\Container\\BoundMethod.php(37): Illuminate\\Container\\BoundMethod::callBoundMethod(Object(Illuminate\\Foundation\\Application), Array, Object(Closure))
#34 D:\\DEV\\GitHub_Projects\\Laravel_FCTS\\LaraFCTS\\vendor\\laravel\\framework\\src\\Illuminate\\Container\\Container.php(663): Illuminate\\Container\\BoundMethod::call(Object(Illuminate\\Foundation\\Application), Array, Array, NULL)
#35 D:\\DEV\\GitHub_Projects\\Laravel_FCTS\\LaraFCTS\\vendor\\laravel\\framework\\src\\Illuminate\\Console\\Command.php(182): Illuminate\\Container\\Container->call(Array)
#36 D:\\DEV\\GitHub_Projects\\Laravel_FCTS\\LaraFCTS\\vendor\\symfony\\console\\Command\\Command.php(312): Illuminate\\Console\\Command->execute(Object(Symfony\\Component\\Console\\Input\\ArgvInput), Object(Illuminate\\Console\\OutputStyle))
#37 D:\\DEV\\GitHub_Projects\\Laravel_FCTS\\LaraFCTS\\vendor\\laravel\\framework\\src\\Illuminate\\Console\\Command.php(152): Symfony\\Component\\Console\\Command\\Command->run(Object(Symfony\\Component\\Console\\Input\\ArgvInput), Object(Illuminate\\Console\\OutputStyle))
#38 D:\\DEV\\GitHub_Projects\\Laravel_FCTS\\LaraFCTS\\vendor\\symfony\\console\\Application.php(1022): Illuminate\\Console\\Command->run(Object(Symfony\\Component\\Console\\Input\\ArgvInput), Object(Symfony\\Component\\Console\\Output\\ConsoleOutput))
#39 D:\\DEV\\GitHub_Projects\\Laravel_FCTS\\LaraFCTS\\vendor\\symfony\\console\\Application.php(314): Symfony\\Component\\Console\\Application->doRunCommand(Object(Illuminate\\Database\\Console\\Migrations\\FreshCommand), Object(Symfony\\Component\\Console\\Input\\ArgvInput), Object(Symfony\\Component\\Console\\Output\\ConsoleOutput))
#40 D:\\DEV\\GitHub_Projects\\Laravel_FCTS\\LaraFCTS\\vendor\\symfony\\console\\Application.php(168): Symfony\\Component\\Console\\Application->doRun(Object(Symfony\\Component\\Console\\Input\\ArgvInput), Object(Symfony\\Component\\Console\\Output\\ConsoleOutput))
#41 D:\\DEV\\GitHub_Projects\\Laravel_FCTS\\LaraFCTS\\vendor\\laravel\\framework\\src\\Illuminate\\Console\\Application.php(102): Symfony\\Component\\Console\\Application->run(Object(Symfony\\Component\\Console\\Input\\ArgvInput), Object(Symfony\\Component\\Console\\Output\\ConsoleOutput))
#42 D:\\DEV\\GitHub_Projects\\Laravel_FCTS\\LaraFCTS\\vendor\\laravel\\framework\\src\\Illuminate\\Foundation\\Console\\Kernel.php(155): Illuminate\\Console\\Application->run(Object(Symfony\\Component\\Console\\Input\\ArgvInput), Object(Symfony\\Component\\Console\\Output\\ConsoleOutput))
#43 D:\\DEV\\GitHub_Projects\\Laravel_FCTS\\LaraFCTS\\artisan(37): Illuminate\\Foundation\\Console\\Kernel->handle(Object(Symfony\\Component\\Console\\Input\\ArgvInput), Object(Symfony\\Component\\Console\\Output\\ConsoleOutput))
#44 {main}

[previous exception] [object] (PDOException(code: 42000): SQLSTATE[42000]: Syntax error or access violation: 1071 Specified key was too long; max key length is 1000 bytes at D:\\DEV\\GitHub_Projects\\Laravel_FCTS\\LaraFCTS\\vendor\\laravel\\framework\\src\\Illuminate\\Database\\Connection.php:545)
[stacktrace]
#0 D:\\DEV\\GitHub_Projects\\Laravel_FCTS\\LaraFCTS\\vendor\\laravel\\framework\\src\\Illuminate\\Database\\Connection.php(545): PDOStatement->execute()
#1 D:\\DEV\\GitHub_Projects\\Laravel_FCTS\\LaraFCTS\\vendor\\laravel\\framework\\src\\Illuminate\\Database\\Connection.php(753): Illuminate\\Database\\Connection->Illuminate\\Database\\{closure}('alter table `us...', Array)
#2 D:\\DEV\\GitHub_Projects\\Laravel_FCTS\\LaraFCTS\\vendor\\laravel\\framework\\src\\Illuminate\\Database\\Connection.php(720): Illuminate\\Database\\Connection->runQueryCallback('alter table `us...', Array, Object(Closure))
#3 D:\\DEV\\GitHub_Projects\\Laravel_FCTS\\LaraFCTS\\vendor\\laravel\\framework\\src\\Illuminate\\Database\\Connection.php(546): Illuminate\\Database\\Connection->run('alter table `us...', Array, Object(Closure))
#4 D:\\DEV\\GitHub_Projects\\Laravel_FCTS\\LaraFCTS\\vendor\\laravel\\framework\\src\\Illuminate\\Database\\Schema\\Blueprint.php(109): Illuminate\\Database\\Connection->statement('alter table `us...')
#5 D:\\DEV\\GitHub_Projects\\Laravel_FCTS\\LaraFCTS\\vendor\\laravel\\framework\\src\\Illuminate\\Database\\Schema\\Builder.php(439): Illuminate\\Database\\Schema\\Blueprint->build(Object(Illuminate\\Database\\MySqlConnection), Object(Illuminate\\Database\\Schema\\Grammars\\MySqlGrammar))
#6 D:\\DEV\\GitHub_Projects\\Laravel_FCTS\\LaraFCTS\\vendor\\laravel\\framework\\src\\Illuminate\\Database\\Schema\\Builder.php(285): Illuminate\\Database\\Schema\\Builder->build(Object(Illuminate\\Database\\Schema\\Blueprint))
#7 D:\\DEV\\GitHub_Projects\\Laravel_FCTS\\LaraFCTS\\vendor\\laravel\\framework\\src\\Illuminate\\Support\\Facades\\Facade.php(338): Illuminate\\Database\\Schema\\Builder->create('users', Object(Closure))
#8 D:\\DEV\\GitHub_Projects\\Laravel_FCTS\\LaraFCTS\\database\\migrations\\2014_10_12_000000_create_users_table.php(26): Illuminate\\Support\\Facades\\Facade::__callStatic('create', Array)
#9 D:\\DEV\\GitHub_Projects\\Laravel_FCTS\\LaraFCTS\\vendor\\laravel\\framework\\src\\Illuminate\\Database\\Migrations\\Migrator.php(481): Illuminate\\Database\\Migrations\\Migration@anonymous->up()
#10 D:\\DEV\\GitHub_Projects\\Laravel_FCTS\\LaraFCTS\\vendor\\laravel\\framework\\src\\Illuminate\\Database\\Migrations\\Migrator.php(399): Illuminate\\Database\\Migrations\\Migrator->runMethod(Object(Illuminate\\Database\\MySqlConnection), Object(Illuminate\\Database\\Migrations\\Migration@anonymous), 'up')
#11 D:\\DEV\\GitHub_Projects\\Laravel_FCTS\\LaraFCTS\\vendor\\laravel\\framework\\src\\Illuminate\\Database\\Migrations\\Migrator.php(408): Illuminate\\Database\\Migrations\\Migrator->Illuminate\\Database\\Migrations\\{closure}()
#12 D:\\DEV\\GitHub_Projects\\Laravel_FCTS\\LaraFCTS\\vendor\\laravel\\framework\\src\\Illuminate\\Database\\Migrations\\Migrator.php(209): Illuminate\\Database\\Migrations\\Migrator->runMigration(Object(Illuminate\\Database\\Migrations\\Migration@anonymous), 'up')
#13 D:\\DEV\\GitHub_Projects\\Laravel_FCTS\\LaraFCTS\\vendor\\laravel\\framework\\src\\Illuminate\\Console\\View\\Components\\Task.php(36): Illuminate\\Database\\Migrations\\Migrator->Illuminate\\Database\\Migrations\\{closure}()
#14 D:\\DEV\\GitHub_Projects\\Laravel_FCTS\\LaraFCTS\\vendor\\laravel\\framework\\src\\Illuminate\\Database\\Migrations\\Migrator.php(738): Illuminate\\Console\\View\\Components\\Task->render('2014_10_12_0000...', Object(Closure))
#15 D:\\DEV\\GitHub_Projects\\Laravel_FCTS\\LaraFCTS\\vendor\\laravel\\framework\\src\\Illuminate\\Database\\Migrations\\Migrator.php(209): Illuminate\\Database\\Migrations\\Migrator->write('Illuminate\\\\Cons...', '2014_10_12_0000...', Object(Closure))
#16 D:\\DEV\\GitHub_Projects\\Laravel_FCTS\\LaraFCTS\\vendor\\laravel\\framework\\src\\Illuminate\\Database\\Migrations\\Migrator.php(174): Illuminate\\Database\\Migrations\\Migrator->runUp('D:\\\\DEV\\\\GitHub_P...', 1, false)
#17 D:\\DEV\\GitHub_Projects\\Laravel_FCTS\\LaraFCTS\\vendor\\laravel\\framework\\src\\Illuminate\\Database\\Migrations\\Migrator.php(117): Illuminate\\Database\\Migrations\\Migrator->runPending(Array, Array)
#18 D:\\DEV\\GitHub_Projects\\Laravel_FCTS\\LaraFCTS\\vendor\\laravel\\framework\\src\\Illuminate\\Database\\Console\\Migrations\\MigrateCommand.php(90): Illuminate\\Database\\Migrations\\Migrator->run(Array, Array)
#19 D:\\DEV\\GitHub_Projects\\Laravel_FCTS\\LaraFCTS\\vendor\\laravel\\framework\\src\\Illuminate\\Database\\Migrations\\Migrator.php(615): Illuminate\\Database\\Console\\Migrations\\MigrateCommand->Illuminate\\Database\\Console\\Migrations\\{closure}()
#20 D:\\DEV\\GitHub_Projects\\Laravel_FCTS\\LaraFCTS\\vendor\\laravel\\framework\\src\\Illuminate\\Database\\Console\\Migrations\\MigrateCommand.php(102): Illuminate\\Database\\Migrations\\Migrator->usingConnection(NULL, Object(Closure))
#21 D:\\DEV\\GitHub_Projects\\Laravel_FCTS\\LaraFCTS\\vendor\\laravel\\framework\\src\\Illuminate\\Container\\BoundMethod.php(36): Illuminate\\Database\\Console\\Migrations\\MigrateCommand->handle()
#22 D:\\DEV\\GitHub_Projects\\Laravel_FCTS\\LaraFCTS\\vendor\\laravel\\framework\\src\\Illuminate\\Container\\Util.php(41): Illuminate\\Container\\BoundMethod::Illuminate\\Container\\{closure}()
#23 D:\\DEV\\GitHub_Projects\\Laravel_FCTS\\LaraFCTS\\vendor\\laravel\\framework\\src\\Illuminate\\Container\\BoundMethod.php(93): Illuminate\\Container\\Util::unwrapIfClosure(Object(Closure))
#24 D:\\DEV\\GitHub_Projects\\Laravel_FCTS\\LaraFCTS\\vendor\\laravel\\framework\\src\\Illuminate\\Container\\BoundMethod.php(37): Illuminate\\Container\\BoundMethod::callBoundMethod(Object(Illuminate\\Foundation\\Application), Array, Object(Closure))
#25 D:\\DEV\\GitHub_Projects\\Laravel_FCTS\\LaraFCTS\\vendor\\laravel\\framework\\src\\Illuminate\\Container\\Container.php(663): Illuminate\\Container\\BoundMethod::call(Object(Illuminate\\Foundation\\Application), Array, Array, NULL)
#26 D:\\DEV\\GitHub_Projects\\Laravel_FCTS\\LaraFCTS\\vendor\\laravel\\framework\\src\\Illuminate\\Console\\Command.php(182): Illuminate\\Container\\Container->call(Array)
#27 D:\\DEV\\GitHub_Projects\\Laravel_FCTS\\LaraFCTS\\vendor\\symfony\\console\\Command\\Command.php(312): Illuminate\\Console\\Command->execute(Object(Symfony\\Component\\Console\\Input\\ArrayInput), Object(Illuminate\\Console\\OutputStyle))
#28 D:\\DEV\\GitHub_Projects\\Laravel_FCTS\\LaraFCTS\\vendor\\laravel\\framework\\src\\Illuminate\\Console\\Command.php(152): Symfony\\Component\\Console\\Command\\Command->run(Object(Symfony\\Component\\Console\\Input\\ArrayInput), Object(Illuminate\\Console\\OutputStyle))
#29 D:\\DEV\\GitHub_Projects\\Laravel_FCTS\\LaraFCTS\\vendor\\laravel\\framework\\src\\Illuminate\\Console\\Concerns\\CallsCommands.php(68): Illuminate\\Console\\Command->run(Object(Symfony\\Component\\Console\\Input\\ArrayInput), Object(Illuminate\\Console\\OutputStyle))
#30 D:\\DEV\\GitHub_Projects\\Laravel_FCTS\\LaraFCTS\\vendor\\laravel\\framework\\src\\Illuminate\\Console\\Concerns\\CallsCommands.php(28): Illuminate\\Console\\Command->runCommand('migrate', Array, Object(Illuminate\\Console\\OutputStyle))
#31 D:\\DEV\\GitHub_Projects\\Laravel_FCTS\\LaraFCTS\\vendor\\laravel\\framework\\src\\Illuminate\\Database\\Console\\Migrations\\FreshCommand.php(59): Illuminate\\Console\\Command->call('migrate', Array)
#32 D:\\DEV\\GitHub_Projects\\Laravel_FCTS\\LaraFCTS\\vendor\\laravel\\framework\\src\\Illuminate\\Container\\BoundMethod.php(36): Illuminate\\Database\\Console\\Migrations\\FreshCommand->handle()
#33 D:\\DEV\\GitHub_Projects\\Laravel_FCTS\\LaraFCTS\\vendor\\laravel\\framework\\src\\Illuminate\\Container\\Util.php(41): Illuminate\\Container\\BoundMethod::Illuminate\\Container\\{closure}()
#34 D:\\DEV\\GitHub_Projects\\Laravel_FCTS\\LaraFCTS\\vendor\\laravel\\framework\\src\\Illuminate\\Container\\BoundMethod.php(93): Illuminate\\Container\\Util::unwrapIfClosure(Object(Closure))
#35 D:\\DEV\\GitHub_Projects\\Laravel_FCTS\\LaraFCTS\\vendor\\laravel\\framework\\src\\Illuminate\\Container\\BoundMethod.php(37): Illuminate\\Container\\BoundMethod::callBoundMethod(Object(Illuminate\\Foundation\\Application), Array, Object(Closure))
#36 D:\\DEV\\GitHub_Projects\\Laravel_FCTS\\LaraFCTS\\vendor\\laravel\\framework\\src\\Illuminate\\Container\\Container.php(663): Illuminate\\Container\\BoundMethod::call(Object(Illuminate\\Foundation\\Application), Array, Array, NULL)
#37 D:\\DEV\\GitHub_Projects\\Laravel_FCTS\\LaraFCTS\\vendor\\laravel\\framework\\src\\Illuminate\\Console\\Command.php(182): Illuminate\\Container\\Container->call(Array)
#38 D:\\DEV\\GitHub_Projects\\Laravel_FCTS\\LaraFCTS\\vendor\\symfony\\console\\Command\\Command.php(312): Illuminate\\Console\\Command->execute(Object(Symfony\\Component\\Console\\Input\\ArgvInput), Object(Illuminate\\Console\\OutputStyle))
#39 D:\\DEV\\GitHub_Projects\\Laravel_FCTS\\LaraFCTS\\vendor\\laravel\\framework\\src\\Illuminate\\Console\\Command.php(152): Symfony\\Component\\Console\\Command\\Command->run(Object(Symfony\\Component\\Console\\Input\\ArgvInput), Object(Illuminate\\Console\\OutputStyle))
#40 D:\\DEV\\GitHub_Projects\\Laravel_FCTS\\LaraFCTS\\vendor\\symfony\\console\\Application.php(1022): Illuminate\\Console\\Command->run(Object(Symfony\\Component\\Console\\Input\\ArgvInput), Object(Symfony\\Component\\Console\\Output\\ConsoleOutput))
#41 D:\\DEV\\GitHub_Projects\\Laravel_FCTS\\LaraFCTS\\vendor\\symfony\\console\\Application.php(314): Symfony\\Component\\Console\\Application->doRunCommand(Object(Illuminate\\Database\\Console\\Migrations\\FreshCommand), Object(Symfony\\Component\\Console\\Input\\ArgvInput), Object(Symfony\\Component\\Console\\Output\\ConsoleOutput))
#42 D:\\DEV\\GitHub_Projects\\Laravel_FCTS\\LaraFCTS\\vendor\\symfony\\console\\Application.php(168): Symfony\\Component\\Console\\Application->doRun(Object(Symfony\\Component\\Console\\Input\\ArgvInput), Object(Symfony\\Component\\Console\\Output\\ConsoleOutput))
#43 D:\\DEV\\GitHub_Projects\\Laravel_FCTS\\LaraFCTS\\vendor\\laravel\\framework\\src\\Illuminate\\Console\\Application.php(102): Symfony\\Component\\Console\\Application->run(Object(Symfony\\Component\\Console\\Input\\ArgvInput), Object(Symfony\\Component\\Console\\Output\\ConsoleOutput))
#44 D:\\DEV\\GitHub_Projects\\Laravel_FCTS\\LaraFCTS\\vendor\\laravel\\framework\\src\\Illuminate\\Foundation\\Console\\Kernel.php(155): Illuminate\\Console\\Application->run(Object(Symfony\\Component\\Console\\Input\\ArgvInput), Object(Symfony\\Component\\Console\\Output\\ConsoleOutput))
#45 D:\\DEV\\GitHub_Projects\\Laravel_FCTS\\LaraFCTS\\artisan(37): Illuminate\\Foundation\\Console\\Kernel->handle(Object(Symfony\\Component\\Console\\Input\\ArgvInput), Object(Symfony\\Component\\Console\\Output\\ConsoleOutput))
#46 {main}
"} 
[2023-02-08 11:18:00] local.ERROR: SQLSTATE[42000]: Syntax error or access violation: 1071 Specified key was too long; max key length is 1000 bytes (SQL: alter table `users` add unique `users_email_unique`(`email`)) {"exception":"[object] (Illuminate\\Database\\QueryException(code: 42000): SQLSTATE[42000]: Syntax error or access violation: 1071 Specified key was too long; max key length is 1000 bytes (SQL: alter table `users` add unique `users_email_unique`(`email`)) at D:\\DEV\\GitHub_Projects\\Laravel_FCTS\\LaraFCTS\\vendor\\laravel\\framework\\src\\Illuminate\\Database\\Connection.php:760)
[stacktrace]
#0 D:\\DEV\\GitHub_Projects\\Laravel_FCTS\\LaraFCTS\\vendor\\laravel\\framework\\src\\Illuminate\\Database\\Connection.php(720): Illuminate\\Database\\Connection->runQueryCallback('alter table `us...', Array, Object(Closure))
#1 D:\\DEV\\GitHub_Projects\\Laravel_FCTS\\LaraFCTS\\vendor\\laravel\\framework\\src\\Illuminate\\Database\\Connection.php(546): Illuminate\\Database\\Connection->run('alter table `us...', Array, Object(Closure))
#2 D:\\DEV\\GitHub_Projects\\Laravel_FCTS\\LaraFCTS\\vendor\\laravel\\framework\\src\\Illuminate\\Database\\Schema\\Blueprint.php(109): Illuminate\\Database\\Connection->statement('alter table `us...')
#3 D:\\DEV\\GitHub_Projects\\Laravel_FCTS\\LaraFCTS\\vendor\\laravel\\framework\\src\\Illuminate\\Database\\Schema\\Builder.php(439): Illuminate\\Database\\Schema\\Blueprint->build(Object(Illuminate\\Database\\MySqlConnection), Object(Illuminate\\Database\\Schema\\Grammars\\MySqlGrammar))
#4 D:\\DEV\\GitHub_Projects\\Laravel_FCTS\\LaraFCTS\\vendor\\laravel\\framework\\src\\Illuminate\\Database\\Schema\\Builder.php(285): Illuminate\\Database\\Schema\\Builder->build(Object(Illuminate\\Database\\Schema\\Blueprint))
#5 D:\\DEV\\GitHub_Projects\\Laravel_FCTS\\LaraFCTS\\vendor\\laravel\\framework\\src\\Illuminate\\Support\\Facades\\Facade.php(338): Illuminate\\Database\\Schema\\Builder->create('users', Object(Closure))
#6 D:\\DEV\\GitHub_Projects\\Laravel_FCTS\\LaraFCTS\\database\\migrations\\2014_10_12_000000_create_users_table.php(26): Illuminate\\Support\\Facades\\Facade::__callStatic('create', Array)
#7 D:\\DEV\\GitHub_Projects\\Laravel_FCTS\\LaraFCTS\\vendor\\laravel\\framework\\src\\Illuminate\\Database\\Migrations\\Migrator.php(481): Illuminate\\Database\\Migrations\\Migration@anonymous->up()
#8 D:\\DEV\\GitHub_Projects\\Laravel_FCTS\\LaraFCTS\\vendor\\laravel\\framework\\src\\Illuminate\\Database\\Migrations\\Migrator.php(399): Illuminate\\Database\\Migrations\\Migrator->runMethod(Object(Illuminate\\Database\\MySqlConnection), Object(Illuminate\\Database\\Migrations\\Migration@anonymous), 'up')
#9 D:\\DEV\\GitHub_Projects\\Laravel_FCTS\\LaraFCTS\\vendor\\laravel\\framework\\src\\Illuminate\\Database\\Migrations\\Migrator.php(408): Illuminate\\Database\\Migrations\\Migrator->Illuminate\\Database\\Migrations\\{closure}()
#10 D:\\DEV\\GitHub_Projects\\Laravel_FCTS\\LaraFCTS\\vendor\\laravel\\framework\\src\\Illuminate\\Database\\Migrations\\Migrator.php(209): Illuminate\\Database\\Migrations\\Migrator->runMigration(Object(Illuminate\\Database\\Migrations\\Migration@anonymous), 'up')
#11 D:\\DEV\\GitHub_Projects\\Laravel_FCTS\\LaraFCTS\\vendor\\laravel\\framework\\src\\Illuminate\\Console\\View\\Components\\Task.php(36): Illuminate\\Database\\Migrations\\Migrator->Illuminate\\Database\\Migrations\\{closure}()
#12 D:\\DEV\\GitHub_Projects\\Laravel_FCTS\\LaraFCTS\\vendor\\laravel\\framework\\src\\Illuminate\\Database\\Migrations\\Migrator.php(738): Illuminate\\Console\\View\\Components\\Task->render('2014_10_12_0000...', Object(Closure))
#13 D:\\DEV\\GitHub_Projects\\Laravel_FCTS\\LaraFCTS\\vendor\\laravel\\framework\\src\\Illuminate\\Database\\Migrations\\Migrator.php(209): Illuminate\\Database\\Migrations\\Migrator->write('Illuminate\\\\Cons...', '2014_10_12_0000...', Object(Closure))
#14 D:\\DEV\\GitHub_Projects\\Laravel_FCTS\\LaraFCTS\\vendor\\laravel\\framework\\src\\Illuminate\\Database\\Migrations\\Migrator.php(174): Illuminate\\Database\\Migrations\\Migrator->runUp('D:\\\\DEV\\\\GitHub_P...', 1, false)
#15 D:\\DEV\\GitHub_Projects\\Laravel_FCTS\\LaraFCTS\\vendor\\laravel\\framework\\src\\Illuminate\\Database\\Migrations\\Migrator.php(117): Illuminate\\Database\\Migrations\\Migrator->runPending(Array, Array)
#16 D:\\DEV\\GitHub_Projects\\Laravel_FCTS\\LaraFCTS\\vendor\\laravel\\framework\\src\\Illuminate\\Database\\Console\\Migrations\\MigrateCommand.php(90): Illuminate\\Database\\Migrations\\Migrator->run(Array, Array)
#17 D:\\DEV\\GitHub_Projects\\Laravel_FCTS\\LaraFCTS\\vendor\\laravel\\framework\\src\\Illuminate\\Database\\Migrations\\Migrator.php(615): Illuminate\\Database\\Console\\Migrations\\MigrateCommand->Illuminate\\Database\\Console\\Migrations\\{closure}()
#18 D:\\DEV\\GitHub_Projects\\Laravel_FCTS\\LaraFCTS\\vendor\\laravel\\framework\\src\\Illuminate\\Database\\Console\\Migrations\\MigrateCommand.php(102): Illuminate\\Database\\Migrations\\Migrator->usingConnection(NULL, Object(Closure))
#19 D:\\DEV\\GitHub_Projects\\Laravel_FCTS\\LaraFCTS\\vendor\\laravel\\framework\\src\\Illuminate\\Container\\BoundMethod.php(36): Illuminate\\Database\\Console\\Migrations\\MigrateCommand->handle()
#20 D:\\DEV\\GitHub_Projects\\Laravel_FCTS\\LaraFCTS\\vendor\\laravel\\framework\\src\\Illuminate\\Container\\Util.php(41): Illuminate\\Container\\BoundMethod::Illuminate\\Container\\{closure}()
#21 D:\\DEV\\GitHub_Projects\\Laravel_FCTS\\LaraFCTS\\vendor\\laravel\\framework\\src\\Illuminate\\Container\\BoundMethod.php(93): Illuminate\\Container\\Util::unwrapIfClosure(Object(Closure))
#22 D:\\DEV\\GitHub_Projects\\Laravel_FCTS\\LaraFCTS\\vendor\\laravel\\framework\\src\\Illuminate\\Container\\BoundMethod.php(37): Illuminate\\Container\\BoundMethod::callBoundMethod(Object(Illuminate\\Foundation\\Application), Array, Object(Closure))
#23 D:\\DEV\\GitHub_Projects\\Laravel_FCTS\\LaraFCTS\\vendor\\laravel\\framework\\src\\Illuminate\\Container\\Container.php(663): Illuminate\\Container\\BoundMethod::call(Object(Illuminate\\Foundation\\Application), Array, Array, NULL)
#24 D:\\DEV\\GitHub_Projects\\Laravel_FCTS\\LaraFCTS\\vendor\\laravel\\framework\\src\\Illuminate\\Console\\Command.php(182): Illuminate\\Container\\Container->call(Array)
#25 D:\\DEV\\GitHub_Projects\\Laravel_FCTS\\LaraFCTS\\vendor\\symfony\\console\\Command\\Command.php(312): Illuminate\\Console\\Command->execute(Object(Symfony\\Component\\Console\\Input\\ArrayInput), Object(Illuminate\\Console\\OutputStyle))
#26 D:\\DEV\\GitHub_Projects\\Laravel_FCTS\\LaraFCTS\\vendor\\laravel\\framework\\src\\Illuminate\\Console\\Command.php(152): Symfony\\Component\\Console\\Command\\Command->run(Object(Symfony\\Component\\Console\\Input\\ArrayInput), Object(Illuminate\\Console\\OutputStyle))
#27 D:\\DEV\\GitHub_Projects\\Laravel_FCTS\\LaraFCTS\\vendor\\laravel\\framework\\src\\Illuminate\\Console\\Concerns\\CallsCommands.php(68): Illuminate\\Console\\Command->run(Object(Symfony\\Component\\Console\\Input\\ArrayInput), Object(Illuminate\\Console\\OutputStyle))
#28 D:\\DEV\\GitHub_Projects\\Laravel_FCTS\\LaraFCTS\\vendor\\laravel\\framework\\src\\Illuminate\\Console\\Concerns\\CallsCommands.php(28): Illuminate\\Console\\Command->runCommand('migrate', Array, Object(Illuminate\\Console\\OutputStyle))
#29 D:\\DEV\\GitHub_Projects\\Laravel_FCTS\\LaraFCTS\\vendor\\laravel\\framework\\src\\Illuminate\\Database\\Console\\Migrations\\FreshCommand.php(59): Illuminate\\Console\\Command->call('migrate', Array)
#30 D:\\DEV\\GitHub_Projects\\Laravel_FCTS\\LaraFCTS\\vendor\\laravel\\framework\\src\\Illuminate\\Container\\BoundMethod.php(36): Illuminate\\Database\\Console\\Migrations\\FreshCommand->handle()
#31 D:\\DEV\\GitHub_Projects\\Laravel_FCTS\\LaraFCTS\\vendor\\laravel\\framework\\src\\Illuminate\\Container\\Util.php(41): Illuminate\\Container\\BoundMethod::Illuminate\\Container\\{closure}()
#32 D:\\DEV\\GitHub_Projects\\Laravel_FCTS\\LaraFCTS\\vendor\\laravel\\framework\\src\\Illuminate\\Container\\BoundMethod.php(93): Illuminate\\Container\\Util::unwrapIfClosure(Object(Closure))
#33 D:\\DEV\\GitHub_Projects\\Laravel_FCTS\\LaraFCTS\\vendor\\laravel\\framework\\src\\Illuminate\\Container\\BoundMethod.php(37): Illuminate\\Container\\BoundMethod::callBoundMethod(Object(Illuminate\\Foundation\\Application), Array, Object(Closure))
#34 D:\\DEV\\GitHub_Projects\\Laravel_FCTS\\LaraFCTS\\vendor\\laravel\\framework\\src\\Illuminate\\Container\\Container.php(663): Illuminate\\Container\\BoundMethod::call(Object(Illuminate\\Foundation\\Application), Array, Array, NULL)
#35 D:\\DEV\\GitHub_Projects\\Laravel_FCTS\\LaraFCTS\\vendor\\laravel\\framework\\src\\Illuminate\\Console\\Command.php(182): Illuminate\\Container\\Container->call(Array)
#36 D:\\DEV\\GitHub_Projects\\Laravel_FCTS\\LaraFCTS\\vendor\\symfony\\console\\Command\\Command.php(312): Illuminate\\Console\\Command->execute(Object(Symfony\\Component\\Console\\Input\\ArgvInput), Object(Illuminate\\Console\\OutputStyle))
#37 D:\\DEV\\GitHub_Projects\\Laravel_FCTS\\LaraFCTS\\vendor\\laravel\\framework\\src\\Illuminate\\Console\\Command.php(152): Symfony\\Component\\Console\\Command\\Command->run(Object(Symfony\\Component\\Console\\Input\\ArgvInput), Object(Illuminate\\Console\\OutputStyle))
#38 D:\\DEV\\GitHub_Projects\\Laravel_FCTS\\LaraFCTS\\vendor\\symfony\\console\\Application.php(1022): Illuminate\\Console\\Command->run(Object(Symfony\\Component\\Console\\Input\\ArgvInput), Object(Symfony\\Component\\Console\\Output\\ConsoleOutput))
#39 D:\\DEV\\GitHub_Projects\\Laravel_FCTS\\LaraFCTS\\vendor\\symfony\\console\\Application.php(314): Symfony\\Component\\Console\\Application->doRunCommand(Object(Illuminate\\Database\\Console\\Migrations\\FreshCommand), Object(Symfony\\Component\\Console\\Input\\ArgvInput), Object(Symfony\\Component\\Console\\Output\\ConsoleOutput))
#40 D:\\DEV\\GitHub_Projects\\Laravel_FCTS\\LaraFCTS\\vendor\\symfony\\console\\Application.php(168): Symfony\\Component\\Console\\Application->doRun(Object(Symfony\\Component\\Console\\Input\\ArgvInput), Object(Symfony\\Component\\Console\\Output\\ConsoleOutput))
#41 D:\\DEV\\GitHub_Projects\\Laravel_FCTS\\LaraFCTS\\vendor\\laravel\\framework\\src\\Illuminate\\Console\\Application.php(102): Symfony\\Component\\Console\\Application->run(Object(Symfony\\Component\\Console\\Input\\ArgvInput), Object(Symfony\\Component\\Console\\Output\\ConsoleOutput))
#42 D:\\DEV\\GitHub_Projects\\Laravel_FCTS\\LaraFCTS\\vendor\\laravel\\framework\\src\\Illuminate\\Foundation\\Console\\Kernel.php(155): Illuminate\\Console\\Application->run(Object(Symfony\\Component\\Console\\Input\\ArgvInput), Object(Symfony\\Component\\Console\\Output\\ConsoleOutput))
#43 D:\\DEV\\GitHub_Projects\\Laravel_FCTS\\LaraFCTS\\artisan(37): Illuminate\\Foundation\\Console\\Kernel->handle(Object(Symfony\\Component\\Console\\Input\\ArgvInput), Object(Symfony\\Component\\Console\\Output\\ConsoleOutput))
#44 {main}

[previous exception] [object] (PDOException(code: 42000): SQLSTATE[42000]: Syntax error or access violation: 1071 Specified key was too long; max key length is 1000 bytes at D:\\DEV\\GitHub_Projects\\Laravel_FCTS\\LaraFCTS\\vendor\\laravel\\framework\\src\\Illuminate\\Database\\Connection.php:545)
[stacktrace]
#0 D:\\DEV\\GitHub_Projects\\Laravel_FCTS\\LaraFCTS\\vendor\\laravel\\framework\\src\\Illuminate\\Database\\Connection.php(545): PDOStatement->execute()
#1 D:\\DEV\\GitHub_Projects\\Laravel_FCTS\\LaraFCTS\\vendor\\laravel\\framework\\src\\Illuminate\\Database\\Connection.php(753): Illuminate\\Database\\Connection->Illuminate\\Database\\{closure}('alter table `us...', Array)
#2 D:\\DEV\\GitHub_Projects\\Laravel_FCTS\\LaraFCTS\\vendor\\laravel\\framework\\src\\Illuminate\\Database\\Connection.php(720): Illuminate\\Database\\Connection->runQueryCallback('alter table `us...', Array, Object(Closure))
#3 D:\\DEV\\GitHub_Projects\\Laravel_FCTS\\LaraFCTS\\vendor\\laravel\\framework\\src\\Illuminate\\Database\\Connection.php(546): Illuminate\\Database\\Connection->run('alter table `us...', Array, Object(Closure))
#4 D:\\DEV\\GitHub_Projects\\Laravel_FCTS\\LaraFCTS\\vendor\\laravel\\framework\\src\\Illuminate\\Database\\Schema\\Blueprint.php(109): Illuminate\\Database\\Connection->statement('alter table `us...')
#5 D:\\DEV\\GitHub_Projects\\Laravel_FCTS\\LaraFCTS\\vendor\\laravel\\framework\\src\\Illuminate\\Database\\Schema\\Builder.php(439): Illuminate\\Database\\Schema\\Blueprint->build(Object(Illuminate\\Database\\MySqlConnection), Object(Illuminate\\Database\\Schema\\Grammars\\MySqlGrammar))
#6 D:\\DEV\\GitHub_Projects\\Laravel_FCTS\\LaraFCTS\\vendor\\laravel\\framework\\src\\Illuminate\\Database\\Schema\\Builder.php(285): Illuminate\\Database\\Schema\\Builder->build(Object(Illuminate\\Database\\Schema\\Blueprint))
#7 D:\\DEV\\GitHub_Projects\\Laravel_FCTS\\LaraFCTS\\vendor\\laravel\\framework\\src\\Illuminate\\Support\\Facades\\Facade.php(338): Illuminate\\Database\\Schema\\Builder->create('users', Object(Closure))
#8 D:\\DEV\\GitHub_Projects\\Laravel_FCTS\\LaraFCTS\\database\\migrations\\2014_10_12_000000_create_users_table.php(26): Illuminate\\Support\\Facades\\Facade::__callStatic('create', Array)
#9 D:\\DEV\\GitHub_Projects\\Laravel_FCTS\\LaraFCTS\\vendor\\laravel\\framework\\src\\Illuminate\\Database\\Migrations\\Migrator.php(481): Illuminate\\Database\\Migrations\\Migration@anonymous->up()
#10 D:\\DEV\\GitHub_Projects\\Laravel_FCTS\\LaraFCTS\\vendor\\laravel\\framework\\src\\Illuminate\\Database\\Migrations\\Migrator.php(399): Illuminate\\Database\\Migrations\\Migrator->runMethod(Object(Illuminate\\Database\\MySqlConnection), Object(Illuminate\\Database\\Migrations\\Migration@anonymous), 'up')
#11 D:\\DEV\\GitHub_Projects\\Laravel_FCTS\\LaraFCTS\\vendor\\laravel\\framework\\src\\Illuminate\\Database\\Migrations\\Migrator.php(408): Illuminate\\Database\\Migrations\\Migrator->Illuminate\\Database\\Migrations\\{closure}()
#12 D:\\DEV\\GitHub_Projects\\Laravel_FCTS\\LaraFCTS\\vendor\\laravel\\framework\\src\\Illuminate\\Database\\Migrations\\Migrator.php(209): Illuminate\\Database\\Migrations\\Migrator->runMigration(Object(Illuminate\\Database\\Migrations\\Migration@anonymous), 'up')
#13 D:\\DEV\\GitHub_Projects\\Laravel_FCTS\\LaraFCTS\\vendor\\laravel\\framework\\src\\Illuminate\\Console\\View\\Components\\Task.php(36): Illuminate\\Database\\Migrations\\Migrator->Illuminate\\Database\\Migrations\\{closure}()
#14 D:\\DEV\\GitHub_Projects\\Laravel_FCTS\\LaraFCTS\\vendor\\laravel\\framework\\src\\Illuminate\\Database\\Migrations\\Migrator.php(738): Illuminate\\Console\\View\\Components\\Task->render('2014_10_12_0000...', Object(Closure))
#15 D:\\DEV\\GitHub_Projects\\Laravel_FCTS\\LaraFCTS\\vendor\\laravel\\framework\\src\\Illuminate\\Database\\Migrations\\Migrator.php(209): Illuminate\\Database\\Migrations\\Migrator->write('Illuminate\\\\Cons...', '2014_10_12_0000...', Object(Closure))
#16 D:\\DEV\\GitHub_Projects\\Laravel_FCTS\\LaraFCTS\\vendor\\laravel\\framework\\src\\Illuminate\\Database\\Migrations\\Migrator.php(174): Illuminate\\Database\\Migrations\\Migrator->runUp('D:\\\\DEV\\\\GitHub_P...', 1, false)
#17 D:\\DEV\\GitHub_Projects\\Laravel_FCTS\\LaraFCTS\\vendor\\laravel\\framework\\src\\Illuminate\\Database\\Migrations\\Migrator.php(117): Illuminate\\Database\\Migrations\\Migrator->runPending(Array, Array)
#18 D:\\DEV\\GitHub_Projects\\Laravel_FCTS\\LaraFCTS\\vendor\\laravel\\framework\\src\\Illuminate\\Database\\Console\\Migrations\\MigrateCommand.php(90): Illuminate\\Database\\Migrations\\Migrator->run(Array, Array)
#19 D:\\DEV\\GitHub_Projects\\Laravel_FCTS\\LaraFCTS\\vendor\\laravel\\framework\\src\\Illuminate\\Database\\Migrations\\Migrator.php(615): Illuminate\\Database\\Console\\Migrations\\MigrateCommand->Illuminate\\Database\\Console\\Migrations\\{closure}()
#20 D:\\DEV\\GitHub_Projects\\Laravel_FCTS\\LaraFCTS\\vendor\\laravel\\framework\\src\\Illuminate\\Database\\Console\\Migrations\\MigrateCommand.php(102): Illuminate\\Database\\Migrations\\Migrator->usingConnection(NULL, Object(Closure))
#21 D:\\DEV\\GitHub_Projects\\Laravel_FCTS\\LaraFCTS\\vendor\\laravel\\framework\\src\\Illuminate\\Container\\BoundMethod.php(36): Illuminate\\Database\\Console\\Migrations\\MigrateCommand->handle()
#22 D:\\DEV\\GitHub_Projects\\Laravel_FCTS\\LaraFCTS\\vendor\\laravel\\framework\\src\\Illuminate\\Container\\Util.php(41): Illuminate\\Container\\BoundMethod::Illuminate\\Container\\{closure}()
#23 D:\\DEV\\GitHub_Projects\\Laravel_FCTS\\LaraFCTS\\vendor\\laravel\\framework\\src\\Illuminate\\Container\\BoundMethod.php(93): Illuminate\\Container\\Util::unwrapIfClosure(Object(Closure))
#24 D:\\DEV\\GitHub_Projects\\Laravel_FCTS\\LaraFCTS\\vendor\\laravel\\framework\\src\\Illuminate\\Container\\BoundMethod.php(37): Illuminate\\Container\\BoundMethod::callBoundMethod(Object(Illuminate\\Foundation\\Application), Array, Object(Closure))
#25 D:\\DEV\\GitHub_Projects\\Laravel_FCTS\\LaraFCTS\\vendor\\laravel\\framework\\src\\Illuminate\\Container\\Container.php(663): Illuminate\\Container\\BoundMethod::call(Object(Illuminate\\Foundation\\Application), Array, Array, NULL)
#26 D:\\DEV\\GitHub_Projects\\Laravel_FCTS\\LaraFCTS\\vendor\\laravel\\framework\\src\\Illuminate\\Console\\Command.php(182): Illuminate\\Container\\Container->call(Array)
#27 D:\\DEV\\GitHub_Projects\\Laravel_FCTS\\LaraFCTS\\vendor\\symfony\\console\\Command\\Command.php(312): Illuminate\\Console\\Command->execute(Object(Symfony\\Component\\Console\\Input\\ArrayInput), Object(Illuminate\\Console\\OutputStyle))
#28 D:\\DEV\\GitHub_Projects\\Laravel_FCTS\\LaraFCTS\\vendor\\laravel\\framework\\src\\Illuminate\\Console\\Command.php(152): Symfony\\Component\\Console\\Command\\Command->run(Object(Symfony\\Component\\Console\\Input\\ArrayInput), Object(Illuminate\\Console\\OutputStyle))
#29 D:\\DEV\\GitHub_Projects\\Laravel_FCTS\\LaraFCTS\\vendor\\laravel\\framework\\src\\Illuminate\\Console\\Concerns\\CallsCommands.php(68): Illuminate\\Console\\Command->run(Object(Symfony\\Component\\Console\\Input\\ArrayInput), Object(Illuminate\\Console\\OutputStyle))
#30 D:\\DEV\\GitHub_Projects\\Laravel_FCTS\\LaraFCTS\\vendor\\laravel\\framework\\src\\Illuminate\\Console\\Concerns\\CallsCommands.php(28): Illuminate\\Console\\Command->runCommand('migrate', Array, Object(Illuminate\\Console\\OutputStyle))
#31 D:\\DEV\\GitHub_Projects\\Laravel_FCTS\\LaraFCTS\\vendor\\laravel\\framework\\src\\Illuminate\\Database\\Console\\Migrations\\FreshCommand.php(59): Illuminate\\Console\\Command->call('migrate', Array)
#32 D:\\DEV\\GitHub_Projects\\Laravel_FCTS\\LaraFCTS\\vendor\\laravel\\framework\\src\\Illuminate\\Container\\BoundMethod.php(36): Illuminate\\Database\\Console\\Migrations\\FreshCommand->handle()
#33 D:\\DEV\\GitHub_Projects\\Laravel_FCTS\\LaraFCTS\\vendor\\laravel\\framework\\src\\Illuminate\\Container\\Util.php(41): Illuminate\\Container\\BoundMethod::Illuminate\\Container\\{closure}()
#34 D:\\DEV\\GitHub_Projects\\Laravel_FCTS\\LaraFCTS\\vendor\\laravel\\framework\\src\\Illuminate\\Container\\BoundMethod.php(93): Illuminate\\Container\\Util::unwrapIfClosure(Object(Closure))
#35 D:\\DEV\\GitHub_Projects\\Laravel_FCTS\\LaraFCTS\\vendor\\laravel\\framework\\src\\Illuminate\\Container\\BoundMethod.php(37): Illuminate\\Container\\BoundMethod::callBoundMethod(Object(Illuminate\\Foundation\\Application), Array, Object(Closure))
#36 D:\\DEV\\GitHub_Projects\\Laravel_FCTS\\LaraFCTS\\vendor\\laravel\\framework\\src\\Illuminate\\Container\\Container.php(663): Illuminate\\Container\\BoundMethod::call(Object(Illuminate\\Foundation\\Application), Array, Array, NULL)
#37 D:\\DEV\\GitHub_Projects\\Laravel_FCTS\\LaraFCTS\\vendor\\laravel\\framework\\src\\Illuminate\\Console\\Command.php(182): Illuminate\\Container\\Container->call(Array)
#38 D:\\DEV\\GitHub_Projects\\Laravel_FCTS\\LaraFCTS\\vendor\\symfony\\console\\Command\\Command.php(312): Illuminate\\Console\\Command->execute(Object(Symfony\\Component\\Console\\Input\\ArgvInput), Object(Illuminate\\Console\\OutputStyle))
#39 D:\\DEV\\GitHub_Projects\\Laravel_FCTS\\LaraFCTS\\vendor\\laravel\\framework\\src\\Illuminate\\Console\\Command.php(152): Symfony\\Component\\Console\\Command\\Command->run(Object(Symfony\\Component\\Console\\Input\\ArgvInput), Object(Illuminate\\Console\\OutputStyle))
#40 D:\\DEV\\GitHub_Projects\\Laravel_FCTS\\LaraFCTS\\vendor\\symfony\\console\\Application.php(1022): Illuminate\\Console\\Command->run(Object(Symfony\\Component\\Console\\Input\\ArgvInput), Object(Symfony\\Component\\Console\\Output\\ConsoleOutput))
#41 D:\\DEV\\GitHub_Projects\\Laravel_FCTS\\LaraFCTS\\vendor\\symfony\\console\\Application.php(314): Symfony\\Component\\Console\\Application->doRunCommand(Object(Illuminate\\Database\\Console\\Migrations\\FreshCommand), Object(Symfony\\Component\\Console\\Input\\ArgvInput), Object(Symfony\\Component\\Console\\Output\\ConsoleOutput))
#42 D:\\DEV\\GitHub_Projects\\Laravel_FCTS\\LaraFCTS\\vendor\\symfony\\console\\Application.php(168): Symfony\\Component\\Console\\Application->doRun(Object(Symfony\\Component\\Console\\Input\\ArgvInput), Object(Symfony\\Component\\Console\\Output\\ConsoleOutput))
#43 D:\\DEV\\GitHub_Projects\\Laravel_FCTS\\LaraFCTS\\vendor\\laravel\\framework\\src\\Illuminate\\Console\\Application.php(102): Symfony\\Component\\Console\\Application->run(Object(Symfony\\Component\\Console\\Input\\ArgvInput), Object(Symfony\\Component\\Console\\Output\\ConsoleOutput))
#44 D:\\DEV\\GitHub_Projects\\Laravel_FCTS\\LaraFCTS\\vendor\\laravel\\framework\\src\\Illuminate\\Foundation\\Console\\Kernel.php(155): Illuminate\\Console\\Application->run(Object(Symfony\\Component\\Console\\Input\\ArgvInput), Object(Symfony\\Component\\Console\\Output\\ConsoleOutput))
#45 D:\\DEV\\GitHub_Projects\\Laravel_FCTS\\LaraFCTS\\artisan(37): Illuminate\\Foundation\\Console\\Kernel->handle(Object(Symfony\\Component\\Console\\Input\\ArgvInput), Object(Symfony\\Component\\Console\\Output\\ConsoleOutput))
#46 {main}
"} 
[2023-02-08 11:51:55] local.ERROR: Trait "App\Providers\Illuminate\Support\Facades\Schema" not found {"exception":"[object] (Symfony\\Component\\ErrorHandler\\Error\\FatalError(code: 0): Trait \"App\\Providers\\Illuminate\\Support\\Facades\\Schema\" not found at D:\\DEV\\GitHub_Projects\\Laravel_FCTS\\LaraFCTS\\app\\Providers\\AppServiceProvider.php:7)
[stacktrace]
#0 {main}
"} 
